[0.354s] Invoking command in '/home/chairman/working/ros2/learning/chapt8/chapt8_ws/src/build/nav2_custom_planner': CMAKE_PREFIX_PATH=${CMAKE_PREFIX_PATH}:/home/chairman/working/ros2/learning/chapt8/chapt8_ws/src/install/fishbot_application:/home/chairman/working/ros2/learning/chapt8/chapt8_ws/src/install/autopatrol_robot:/opt/ros/humble /usr/bin/cmake --build /home/chairman/working/ros2/learning/chapt8/chapt8_ws/src/build/nav2_custom_planner -- -j28 -l28
[0.393s] [35m[1mConsolidate compiler generated dependencies of target nav2_custom_planner_plugin[0m
[0.413s] [ 33%] [32mBuilding CXX object CMakeFiles/nav2_custom_planner_plugin.dir/src/custom_controller.cpp.o[0m
[2.346s] [01m[K/home/chairman/working/ros2/learning/chapt8/chapt8_ws/src/nav2_custom_planner/src/custom_controller.cpp:57:88:[m[K [01;31m[Kerror: [m[Kexpected constructor, destructor, or type conversion at end of input
[2.346s]    57 | PLUGINLIB_EXPORT_CLASS(nav2_custom_controller::CustomController, nav2_core::Controller)
[2.346s]       |                                                                                        [01;31m[K^[m[K
[3.246s] gmake[2]: *** [CMakeFiles/nav2_custom_planner_plugin.dir/build.make:90: CMakeFiles/nav2_custom_planner_plugin.dir/src/custom_controller.cpp.o] Error 1
[3.246s] gmake[1]: *** [CMakeFiles/Makefile2:137: CMakeFiles/nav2_custom_planner_plugin.dir/all] Error 2
[3.246s] gmake: *** [Makefile:146: all] Error 2
[3.248s] Invoked command in '/home/chairman/working/ros2/learning/chapt8/chapt8_ws/src/build/nav2_custom_planner' returned '2': CMAKE_PREFIX_PATH=${CMAKE_PREFIX_PATH}:/home/chairman/working/ros2/learning/chapt8/chapt8_ws/src/install/fishbot_application:/home/chairman/working/ros2/learning/chapt8/chapt8_ws/src/install/autopatrol_robot:/opt/ros/humble /usr/bin/cmake --build /home/chairman/working/ros2/learning/chapt8/chapt8_ws/src/build/nav2_custom_planner -- -j28 -l28
