In file included from [01m[K/home/chairman/working/ros2/learning/chapt8/chapt8_ws/src/nav2_custom_planner/src/custom_controller.cpp:1[m[K:
[01m[K/home/chairman/working/ros2/learning/chapt8/chapt8_ws/src/nav2_custom_planner/include/nav2_custom_controller/custom_controller.hpp:47:45:[m[K [01;31m[Kerror: [m[Kâ€˜[01m[Kconsta[m[Kâ€™ has not been declared
   47 |             double calculateAngleDifference([01;31m[Kconsta[m[K geometry_msgs::msg::PoseStamped &current_pose,
      |                                             [01;31m[K^~~~~~[m[K
[01m[K/home/chairman/working/ros2/learning/chapt8/chapt8_ws/src/nav2_custom_planner/include/nav2_custom_controller/custom_controller.hpp:47:84:[m[K [01;31m[Kerror: [m[Kexpected unqualified-id before â€˜[01m[K&[m[Kâ€™ token
   47 | rence(consta geometry_msgs::msg::PoseStamped [01;31m[K&[m[Kcurrent_pose,
      |                                              [01;31m[K^[m[K

[01m[K/home/chairman/working/ros2/learning/chapt8/chapt8_ws/src/nav2_custom_planner/include/nav2_custom_controller/custom_controller.hpp:47:83:[m[K [01;31m[Kerror: [m[Kexpected â€˜[01m[K)[m[Kâ€™ before â€˜[01m[K&[m[Kâ€™ token
   47 | erence[34m[K([m[Kconsta geometry_msgs::msg::PoseStamped[01;31m[K [m[K[32m[K&[m[Kcurrent_pose,
      |       [34m[K~[m[K                                      [01;31m[K^[m[K[32m[K~[m[K
      |                                              [32m[K)[m[K
[01m[K/home/chairman/working/ros2/learning/chapt8/chapt8_ws/src/nav2_custom_planner/include/nav2_custom_controller/custom_controller.hpp:47:84:[m[K [01;31m[Kerror: [m[Kexpected â€˜[01m[K;[m[Kâ€™ at end of member declaration
   47 | rence(consta geometry_msgs::msg::PoseStamped [01;31m[K&[m[Kcurrent_pose,
      |                                              [01;31m[K^[m[K
      |                                               [32m[K;[m[K
[01m[K/home/chairman/working/ros2/learning/chapt8/chapt8_ws/src/nav2_custom_planner/include/nav2_custom_controller/custom_controller.hpp:47:85:[m[K [01;31m[Kerror: [m[Kâ€˜[01m[Kcurrent_pose[m[Kâ€™ does not name a type
   47 | ence(consta geometry_msgs::msg::PoseStamped &[01;31m[Kcurrent_pose[m[K,
      |                                              [01;31m[K^~~~~~~~~~~~[m[K

[01m[K/home/chairman/working/ros2/learning/chapt8/chapt8_ws/src/nav2_custom_planner/include/nav2_custom_controller/custom_controller.hpp:20:18:[m[K [01;31m[Kerror: [m[Kâ€˜[01m[Kvoid nav2_custom_controller::CustomController::deacivate()[m[Kâ€™ marked â€˜[01m[Koverride[m[Kâ€™, but does not override
   20 |             void [01;31m[Kdeacivate[m[K() override;
      |                  [01;31m[K^~~~~~~~~[m[K
[01m[K/home/chairman/working/ros2/learning/chapt8/chapt8_ws/src/nav2_custom_planner/src/custom_controller.cpp:31:10:[m[K [01;31m[Kerror: [m[Kno declaration matches â€˜[01m[Kvoid nav2_custom_controller::CustomController::deactivate()[m[Kâ€™
   31 |     void [01;31m[KCustomController[m[K::deactivate() {
      |          [01;31m[K^~~~~~~~~~~~~~~~[m[K
[01m[K/home/chairman/working/ros2/learning/chapt8/chapt8_ws/src/nav2_custom_planner/src/custom_controller.cpp:31:10:[m[K [01;36m[Knote: [m[Kno functions named â€˜[01m[Kvoid nav2_custom_controller::CustomController::deactivate()[m[Kâ€™
In file included from [01m[K/home/chairman/working/ros2/learning/chapt8/chapt8_ws/src/nav2_custom_planner/src/custom_controller.cpp:1[m[K:
[01m[K/home/chairman/working/ros2/learning/chapt8/chapt8_ws/src/nav2_custom_planner/include/nav2_custom_controller/custom_controller.hpp:10:11:[m[K [01;36m[Knote: [m[Kâ€˜[01m[Kclass nav2_custom_controller::CustomController[m[Kâ€™ defined here
   10 |     class [01;36m[KCustomController[m[K : public nav2_core::Controller{
      |           [01;36m[K^~~~~~~~~~~~~~~~[m[K
[01m[K/home/chairman/working/ros2/learning/chapt8/chapt8_ws/src/nav2_custom_planner/src/custom_controller.cpp:50:12:[m[K [01;31m[Kerror: [m[Kno declaration matches â€˜[01m[Kdouble nav2_custom_controller::CustomController::calculateAngleDifference(const PoseStamped&, const PoseStamped&)[m[Kâ€™
   50 |     double [01;31m[KCustomController[m[K::calculateAngleDifference(const geometry_msgs::msg::PoseStamped &current_pose, const geometry_msgs::msg::PoseStamped &target_pose) {
      |            [01;31m[K^~~~~~~~~~~~~~~~[m[K
In file included from [01m[K/home/chairman/working/ros2/learning/chapt8/chapt8_ws/src/nav2_custom_planner/src/custom_controller.cpp:1[m[K:
[01m[K/home/chairman/working/ros2/learning/chapt8/chapt8_ws/src/nav2_custom_planner/include/nav2_custom_controller/custom_controller.hpp:47:20:[m[K [01;36m[Knote: [m[Kcandidate is: â€˜[01m[Kdouble nav2_custom_controller::CustomController::calculateAngleDifference(...) &[m[Kâ€™
   47 |             double [01;36m[KcalculateAngleDifference[m[K(consta geometry_msgs::msg::PoseStamped &current_pose,
      |                    [01;36m[K^~~~~~~~~~~~~~~~~~~~~~~~[m[K
[01m[K/home/chairman/working/ros2/learning/chapt8/chapt8_ws/src/nav2_custom_planner/include/nav2_custom_controller/custom_controller.hpp:10:11:[m[K [01;36m[Knote: [m[Kâ€˜[01m[Kclass nav2_custom_controller::CustomController[m[Kâ€™ defined here
   10 |     class [01;36m[KCustomController[m[K : public nav2_core::Controller{
      |           [01;36m[K^~~~~~~~~~~~~~~~[m[K
[01m[K/home/chairman/working/ros2/learning/chapt8/chapt8_ws/src/nav2_custom_planner/src/custom_controller.cpp:57:88:[m[K [01;31m[Kerror: [m[Kexpected constructor, destructor, or type conversion at end of input
   57 | PLUGINLIB_EXPORT_CLASS(nav2_custom_controller::CustomController, nav2_core::Controller)
      |                                                                                        [01;31m[K^[m[K
gmake[2]: *** [CMakeFiles/nav2_custom_planner_plugin.dir/build.make:90: CMakeFiles/nav2_custom_planner_plugin.dir/src/custom_controller.cpp.o] Error 1
gmake[1]: *** [CMakeFiles/Makefile2:137: CMakeFiles/nav2_custom_planner_plugin.dir/all] Error 2
gmake: *** [Makefile:146: all] Error 2
