[0.336s] Invoking command in '/home/chairman/working/ros2/learning/chapt8/chapt8_ws/src/build/nav2_custom_planner': CMAKE_PREFIX_PATH=${CMAKE_PREFIX_PATH}:/home/chairman/working/ros2/learning/chapt8/chapt8_ws/src/install/fishbot_application:/home/chairman/working/ros2/learning/chapt8/chapt8_ws/src/install/autopatrol_robot:/opt/ros/humble /usr/bin/cmake --build /home/chairman/working/ros2/learning/chapt8/chapt8_ws/src/build/nav2_custom_planner -- -j28 -l28
[0.386s] [ 33%] [32mBuilding CXX object CMakeFiles/nav2_custom_planner_plugin.dir/src/custom_controller.cpp.o[0m
[2.379s] In file included from [01m[K/home/chairman/working/ros2/learning/chapt8/chapt8_ws/src/nav2_custom_planner/src/custom_controller.cpp:1[m[K:
[2.379s] [01m[K/home/chairman/working/ros2/learning/chapt8/chapt8_ws/src/nav2_custom_planner/include/nav2_custom_controller/custom_controller.hpp:47:45:[m[K [01;31m[Kerror: [m[Kâ€˜[01m[Kconsta[m[Kâ€™ has not been declared
[2.379s]    47 |             double calculateAngleDifference([01;31m[Kconsta[m[K geometry_msgs::msg::PoseStamped &current_pose,
[2.379s]       |                                             [01;31m[K^~~~~~[m[K
[2.379s] [01m[K/home/chairman/working/ros2/learning/chapt8/chapt8_ws/src/nav2_custom_planner/include/nav2_custom_controller/custom_controller.hpp:47:84:[m[K [01;31m[Kerror: [m[Kexpected unqualified-id before â€˜[01m[K&[m[Kâ€™ token
[2.379s]    47 | rence(consta geometry_msgs::msg::PoseStamped [01;31m[K&[m[Kcurrent_pose,
[2.379s]       |                                              [01;31m[K^[m[K
[2.379s] 
[2.379s] [01m[K/home/chairman/working/ros2/learning/chapt8/chapt8_ws/src/nav2_custom_planner/include/nav2_custom_controller/custom_controller.hpp:47:83:[m[K [01;31m[Kerror: [m[Kexpected â€˜[01m[K)[m[Kâ€™ before â€˜[01m[K&[m[Kâ€™ token
[2.379s]    47 | erence[34m[K([m[Kconsta geometry_msgs::msg::PoseStamped[01;31m[K [m[K[32m[K&[m[Kcurrent_pose,
[2.379s]       |       [34m[K~[m[K                                      [01;31m[K^[m[K[32m[K~[m[K
[2.379s]       |                                              [32m[K)[m[K
[2.379s] [01m[K/home/chairman/working/ros2/learning/chapt8/chapt8_ws/src/nav2_custom_planner/include/nav2_custom_controller/custom_controller.hpp:47:84:[m[K [01;31m[Kerror: [m[Kexpected â€˜[01m[K;[m[Kâ€™ at end of member declaration
[2.379s]    47 | rence(consta geometry_msgs::msg::PoseStamped [01;31m[K&[m[Kcurrent_pose,
[2.379s]       |                                              [01;31m[K^[m[K
[2.380s]       |                                               [32m[K;[m[K
[2.381s] [01m[K/home/chairman/working/ros2/learning/chapt8/chapt8_ws/src/nav2_custom_planner/include/nav2_custom_controller/custom_controller.hpp:47:85:[m[K [01;31m[Kerror: [m[Kâ€˜[01m[Kcurrent_pose[m[Kâ€™ does not name a type
[2.381s]    47 | ence(consta geometry_msgs::msg::PoseStamped &[01;31m[Kcurrent_pose[m[K,
[2.381s]       |                                              [01;31m[K^~~~~~~~~~~~[m[K
[2.381s] 
[2.381s] [01m[K/home/chairman/working/ros2/learning/chapt8/chapt8_ws/src/nav2_custom_planner/include/nav2_custom_controller/custom_controller.hpp:20:18:[m[K [01;31m[Kerror: [m[Kâ€˜[01m[Kvoid nav2_custom_controller::CustomController::deacivate()[m[Kâ€™ marked â€˜[01m[Koverride[m[Kâ€™, but does not override
[2.381s]    20 |             void [01;31m[Kdeacivate[m[K() override;
[2.381s]       |                  [01;31m[K^~~~~~~~~[m[K
[2.387s] [01m[K/home/chairman/working/ros2/learning/chapt8/chapt8_ws/src/nav2_custom_planner/src/custom_controller.cpp:31:10:[m[K [01;31m[Kerror: [m[Kno declaration matches â€˜[01m[Kvoid nav2_custom_controller::CustomController::deactivate()[m[Kâ€™
[2.387s]    31 |     void [01;31m[KCustomController[m[K::deactivate() {
[2.387s]       |          [01;31m[K^~~~~~~~~~~~~~~~[m[K
[2.387s] [01m[K/home/chairman/working/ros2/learning/chapt8/chapt8_ws/src/nav2_custom_planner/src/custom_controller.cpp:31:10:[m[K [01;36m[Knote: [m[Kno functions named â€˜[01m[Kvoid nav2_custom_controller::CustomController::deactivate()[m[Kâ€™
[2.387s] In file included from [01m[K/home/chairman/working/ros2/learning/chapt8/chapt8_ws/src/nav2_custom_planner/src/custom_controller.cpp:1[m[K:
[2.387s] [01m[K/home/chairman/working/ros2/learning/chapt8/chapt8_ws/src/nav2_custom_planner/include/nav2_custom_controller/custom_controller.hpp:10:11:[m[K [01;36m[Knote: [m[Kâ€˜[01m[Kclass nav2_custom_controller::CustomController[m[Kâ€™ defined here
[2.387s]    10 |     class [01;36m[KCustomController[m[K : public nav2_core::Controller{
[2.387s]       |           [01;36m[K^~~~~~~~~~~~~~~~[m[K
[2.387s] [01m[K/home/chairman/working/ros2/learning/chapt8/chapt8_ws/src/nav2_custom_planner/src/custom_controller.cpp:50:12:[m[K [01;31m[Kerror: [m[Kno declaration matches â€˜[01m[Kdouble nav2_custom_controller::CustomController::calculateAngleDifference(const PoseStamped&, const PoseStamped&)[m[Kâ€™
[2.387s]    50 |     double [01;31m[KCustomController[m[K::calculateAngleDifference(const geometry_msgs::msg::PoseStamped &current_pose, const geometry_msgs::msg::PoseStamped &target_pose) {
[2.387s]       |            [01;31m[K^~~~~~~~~~~~~~~~[m[K
[2.387s] In file included from [01m[K/home/chairman/working/ros2/learning/chapt8/chapt8_ws/src/nav2_custom_planner/src/custom_controller.cpp:1[m[K:
[2.387s] [01m[K/home/chairman/working/ros2/learning/chapt8/chapt8_ws/src/nav2_custom_planner/include/nav2_custom_controller/custom_controller.hpp:47:20:[m[K [01;36m[Knote: [m[Kcandidate is: â€˜[01m[Kdouble nav2_custom_controller::CustomController::calculateAngleDifference(...) &[m[Kâ€™
[2.387s]    47 |             double [01;36m[KcalculateAngleDifference[m[K(consta geometry_msgs::msg::PoseStamped &current_pose,
[2.387s]       |                    [01;36m[K^~~~~~~~~~~~~~~~~~~~~~~~[m[K
[2.387s] [01m[K/home/chairman/working/ros2/learning/chapt8/chapt8_ws/src/nav2_custom_planner/include/nav2_custom_controller/custom_controller.hpp:10:11:[m[K [01;36m[Knote: [m[Kâ€˜[01m[Kclass nav2_custom_controller::CustomController[m[Kâ€™ defined here
[2.387s]    10 |     class [01;36m[KCustomController[m[K : public nav2_core::Controller{
[2.387s]       |           [01;36m[K^~~~~~~~~~~~~~~~[m[K
[2.387s] [01m[K/home/chairman/working/ros2/learning/chapt8/chapt8_ws/src/nav2_custom_planner/src/custom_controller.cpp:57:88:[m[K [01;31m[Kerror: [m[Kexpected constructor, destructor, or type conversion at end of input
[2.387s]    57 | PLUGINLIB_EXPORT_CLASS(nav2_custom_controller::CustomController, nav2_core::Controller)
[2.387s]       |                                                                                        [01;31m[K^[m[K
[3.277s] gmake[2]: *** [CMakeFiles/nav2_custom_planner_plugin.dir/build.make:90: CMakeFiles/nav2_custom_planner_plugin.dir/src/custom_controller.cpp.o] Error 1
[3.277s] gmake[1]: *** [CMakeFiles/Makefile2:137: CMakeFiles/nav2_custom_planner_plugin.dir/all] Error 2
[3.278s] gmake: *** [Makefile:146: all] Error 2
[3.280s] Invoked command in '/home/chairman/working/ros2/learning/chapt8/chapt8_ws/src/build/nav2_custom_planner' returned '2': CMAKE_PREFIX_PATH=${CMAKE_PREFIX_PATH}:/home/chairman/working/ros2/learning/chapt8/chapt8_ws/src/install/fishbot_application:/home/chairman/working/ros2/learning/chapt8/chapt8_ws/src/install/autopatrol_robot:/opt/ros/humble /usr/bin/cmake --build /home/chairman/working/ros2/learning/chapt8/chapt8_ws/src/build/nav2_custom_planner -- -j28 -l28
