[01m[K/home/chairman/working/ros2/learning/chapt4/chapt4_ws/src/demo_cpp_service/src/patrol_client.cpp:20:35:[m[K [01;31m[Kerror: [m[Kextra qualification â€˜[01m[KPatrolClient::[m[Kâ€™ on member â€˜[01m[Kcall_set_parameters[m[Kâ€™ [[01;31m[K]8;;https://gcc.gnu.org/onlinedocs/gcc/Warning-Options.html#index-fpermissive-fpermissive]8;;[m[K]
   20 |   std::shared_ptr<SetP::Response> [01;31m[KPatrolClient[m[K::call_set_parameters(rcl_interfaces::msg::Parameter &parameter) {
      |                                   [01;31m[K^~~~~~~~~~~~[m[K
[01m[K/home/chairman/working/ros2/learning/chapt4/chapt4_ws/src/demo_cpp_service/src/patrol_client.cpp:[m[K In member function â€˜[01m[Kstd::shared_ptr<rcl_interfaces::srv::SetParameters_Response_<std::allocator<void> > > PatrolClient::call_set_parameters(rcl_interfaces::msg::Parameter&)[m[Kâ€™:
[01m[K/home/chairman/working/ros2/learning/chapt4/chapt4_ws/src/demo_cpp_service/src/patrol_client.cpp:34:5:[m[K [01;31m[Kerror: [m[Kâ€˜[01m[KROS[m[Kâ€™ was not declared in this scope
   34 |     [01;31m[KROS[m[K 2 æœºå™¨äººå¼€å‘ï¼šä»Žå…¥é—¨åˆ°å®žè·µ
      |     [01;31m[K^~~[m[K
[01m[K/home/chairman/working/ros2/learning/chapt4/chapt4_ws/src/demo_cpp_service/src/patrol_client.cpp:36:73:[m[K [01;31m[Kerror: [m[Kâ€˜[01m[Kfuture[m[Kâ€™ was not declared in this scope; did you mean â€˜[01m[Kstd::future[m[Kâ€™?
   36 |     rclcpp::spin_until_future_complete(this->get_node_base_interface(), [01;31m[Kfuture[m[K);
      |                                                                         [01;31m[K^~~~~~[m[K
      |                                                                         [32m[Kstd::future[m[K
In file included from [01m[K/opt/ros/humble/include/rclcpp/rclcpp/executors.hpp:18[m[K,
                 from [01m[K/opt/ros/humble/include/rclcpp/rclcpp/rclcpp.hpp:155[m[K,
                 from [01m[K/home/chairman/working/ros2/learning/chapt4/chapt4_ws/src/demo_cpp_service/src/patrol_client.cpp:3[m[K:
[01m[K/usr/include/c++/11/future:124:11:[m[K [01;36m[Knote: [m[Kâ€˜[01m[Kstd::future[m[Kâ€™ declared here
  124 |     class [01;36m[Kfuture[m[K;
      |           [01;36m[K^~~~~~[m[K
gmake[2]: *** [CMakeFiles/patrol_client.dir/build.make:76: CMakeFiles/patrol_client.dir/src/patrol_client.cpp.o] Error 1
gmake[1]: *** [CMakeFiles/Makefile2:165: CMakeFiles/patrol_client.dir/all] Error 2
gmake: *** [Makefile:146: all] Error 2
