[01m[K/home/chairman/working/ros2/learning/chapt8/chapt8_ws/src/nav2_custom_planner/src/custom_controller.cpp:[m[K In member function â€˜[01m[Kvirtual geometry_msgs::msg::TwistStamped nav2_custom_controller::CustomController::computeVelocityCommands(const PoseStamped&, const Twist&, nav2_core::GoalChecker*)[m[Kâ€™:
[01m[K/home/chairman/working/ros2/learning/chapt8/chapt8_ws/src/nav2_custom_planner/src/custom_controller.cpp:37:26:[m[K [01;31m[Kerror: [m[Kâ€˜[01m[KPlannerException[m[Kâ€™ is not a member of â€˜[01m[Knav2_core[m[Kâ€™
   37 |         throw nav2_core::[01;31m[KPlannerException[m[K("Received empty path");
      |                          [01;31m[K^~~~~~~~~~~~~~~~[m[K
[01m[K/home/chairman/working/ros2/learning/chapt8/chapt8_ws/src/nav2_custom_planner/src/custom_controller.cpp:42:26:[m[K [01;31m[Kerror: [m[Kâ€˜[01m[KPlannerException[m[Kâ€™ is not a member of â€˜[01m[Knav2_core[m[Kâ€™
   42 |         throw nav2_core::[01;31m[KPlannerException[m[K("Failed to transform robot pose to global plan frame");
      |                          [01;31m[K^~~~~~~~~~~~~~~~[m[K
[01m[K/home/chairman/working/ros2/learning/chapt8/chapt8_ws/src/nav2_custom_planner/src/custom_controller.cpp:[m[K In member function â€˜[01m[Kgeometry_msgs::msg::PoseStamped nav2_custom_controller::CustomController::getNearestTargetPose(const PoseStamped&)[m[Kâ€™:
[01m[K/home/chairman/working/ros2/learning/chapt8/chapt8_ws/src/nav2_custom_planner/src/custom_controller.cpp:85:13:[m[K [01;31m[Kerror: [m[Kâ€˜[01m[Kglobal_plan[m[Kâ€™ was not declared in this scope; did you mean â€˜[01m[Kglobal_plan_[m[Kâ€™?
   85 |         if ([01;31m[Kglobal_plan[m[K.poses.size() == 1){
      |             [01;31m[K^~~~~~~~~~~[m[K
      |             [32m[Kglobal_plan_[m[K
[01m[K/home/chairman/working/ros2/learning/chapt8/chapt8_ws/src/nav2_custom_planner/src/custom_controller.cpp:89:5:[m[K [01;35m[Kwarning: [m[Kcontrol reaches end of non-void function [[01;35m[K]8;;https://gcc.gnu.org/onlinedocs/gcc/Warning-Options.html#index-Wreturn-type-Wreturn-type]8;;[m[K]
   89 |     [01;35m[K}[m[K
      |     [01;35m[K^[m[K
gmake[2]: *** [CMakeFiles/nav2_custom_planner_plugin.dir/build.make:90: CMakeFiles/nav2_custom_planner_plugin.dir/src/custom_controller.cpp.o] Error 1
gmake[1]: *** [CMakeFiles/Makefile2:137: CMakeFiles/nav2_custom_planner_plugin.dir/all] Error 2
gmake: *** [Makefile:146: all] Error 2
