[35m[1mConsolidate compiler generated dependencies of target dynamic_tf_broadcaster[0m
[ 50%] Built target static_tf_broadcaster
[ 75%] [32mBuilding CXX object CMakeFiles/dynamic_tf_broadcaster.dir/src/dynamic_tf_broadcaster.cpp.o[0m
[01m[K/home/chairman/working/ros2/learning/chapt5/chapt5_ws/src/demo_cpp_tf/src/dynamic_tf_broadcaster.cpp:[m[K In member function â€˜[01m[Kvoid DynamicTFBroadcaster::publishTransform()[m[Kâ€™:
[01m[K/home/chairman/working/ros2/learning/chapt5/chapt5_ws/src/demo_cpp_tf/src/dynamic_tf_broadcaster.cpp:29:19:[m[K [01;31m[Kerror: [m[Kâ€˜[01m[Kusing TransformStamped = struct geometry_msgs::msg::TransformStamped_<std::allocator<void> >[m[Kâ€™ {aka â€˜[01m[Kstruct geometry_msgs::msg::TransformStamped_<std::allocator<void> >[m[Kâ€™} has no member named â€˜[01m[Krotation[m[Kâ€™
   29 |         transform.[01;31m[Krotation[m[K = tf2::toMsg(quat); // è½¬æˆæ¶ˆæ¯æ¥å£ç±»å‹
      |                   [01;31m[K^~~~~~~~[m[K
gmake[2]: *** [CMakeFiles/dynamic_tf_broadcaster.dir/build.make:76: CMakeFiles/dynamic_tf_broadcaster.dir/src/dynamic_tf_broadcaster.cpp.o] Error 1
gmake[1]: *** [CMakeFiles/Makefile2:165: CMakeFiles/dynamic_tf_broadcaster.dir/all] Error 2
gmake: *** [Makefile:146: all] Error 2
