[0.009s] Invoking command in '/home/chairman/working/ros2/learning/chapt5/chapt5_ws/src/build/demo_cpp_tf': CMAKE_PREFIX_PATH=/opt/ros/humble /usr/bin/cmake --build /home/chairman/working/ros2/learning/chapt5/chapt5_ws/src/build/demo_cpp_tf -- -j28 -l28
[0.047s] [35m[1mConsolidate compiler generated dependencies of target dynamic_tf_broadcaster[0m
[0.060s] [ 50%] Built target static_tf_broadcaster
[0.063s] [ 75%] [32mBuilding CXX object CMakeFiles/dynamic_tf_broadcaster.dir/src/dynamic_tf_broadcaster.cpp.o[0m
[1.628s] [01m[K/home/chairman/working/ros2/learning/chapt5/chapt5_ws/src/demo_cpp_tf/src/dynamic_tf_broadcaster.cpp:[m[K In member function ‚Äò[01m[Kvoid DynamicTFBroadcaster::publishTransform()[m[K‚Äô:
[1.629s] [01m[K/home/chairman/working/ros2/learning/chapt5/chapt5_ws/src/demo_cpp_tf/src/dynamic_tf_broadcaster.cpp:29:19:[m[K [01;31m[Kerror: [m[K‚Äò[01m[Kusing TransformStamped = struct geometry_msgs::msg::TransformStamped_<std::allocator<void> >[m[K‚Äô {aka ‚Äò[01m[Kstruct geometry_msgs::msg::TransformStamped_<std::allocator<void> >[m[K‚Äô} has no member named ‚Äò[01m[Krotation[m[K‚Äô
[1.629s]    29 |         transform.[01;31m[Krotation[m[K = tf2::toMsg(quat); // ËΩ¨ÊàêÊ∂àÊÅØÊé•Âè£Á±ªÂûã
[1.629s]       |                   [01;31m[K^~~~~~~~[m[K
[2.141s] gmake[2]: *** [CMakeFiles/dynamic_tf_broadcaster.dir/build.make:76: CMakeFiles/dynamic_tf_broadcaster.dir/src/dynamic_tf_broadcaster.cpp.o] Error 1
[2.144s] gmake[1]: *** [CMakeFiles/Makefile2:165: CMakeFiles/dynamic_tf_broadcaster.dir/all] Error 2
[2.144s] gmake: *** [Makefile:146: all] Error 2
[2.144s] Invoked command in '/home/chairman/working/ros2/learning/chapt5/chapt5_ws/src/build/demo_cpp_tf' returned '2': CMAKE_PREFIX_PATH=/opt/ros/humble /usr/bin/cmake --build /home/chairman/working/ros2/learning/chapt5/chapt5_ws/src/build/demo_cpp_tf -- -j28 -l28
