[0.000000] (-) TimerEvent: {}
[0.000551] (demo_cpp_tf) JobQueued: {'identifier': 'demo_cpp_tf', 'dependencies': OrderedDict()}
[0.000630] (demo_python_tf) JobQueued: {'identifier': 'demo_python_tf', 'dependencies': OrderedDict()}
[0.000656] (demo_cpp_tf) JobStarted: {'identifier': 'demo_cpp_tf'}
[0.004197] (demo_python_tf) JobStarted: {'identifier': 'demo_python_tf'}
[0.007700] (demo_cpp_tf) JobProgress: {'identifier': 'demo_cpp_tf', 'progress': 'cmake'}
[0.008596] (demo_cpp_tf) JobProgress: {'identifier': 'demo_cpp_tf', 'progress': 'build'}
[0.008693] (demo_cpp_tf) Command: {'cmd': ['/usr/bin/cmake', '--build', '/home/chairman/working/ros2/learning/chapt5/chapt5_ws/src/build/demo_cpp_tf', '--', '-j28', '-l28'], 'cwd': '/home/chairman/working/ros2/learning/chapt5/chapt5_ws/src/build/demo_cpp_tf', 'env': OrderedDict([('GJS_DEBUG_TOPICS', 'JS ERROR;JS LOG'), ('LESSOPEN', '| /usr/bin/lesspipe %s'), ('USER', 'chairman'), ('LC_TIME', 'zh_CN.UTF-8'), ('XDG_SESSION_TYPE', 'wayland'), ('GIT_ASKPASS', '/usr/share/code/resources/app/extensions/git/dist/askpass.sh'), ('SHLVL', '1'), ('LD_LIBRARY_PATH', '/usr/local/cuda-12.6/lib64:/usr/lib/x86_64-linux-gnu/gazebo-11/plugins:/opt/ros/humble/opt/rviz_ogre_vendor/lib:/opt/ros/humble/lib/x86_64-linux-gnu:/opt/ros/humble/lib:/usr/local/cuda-12.6/lib64:'), ('HOME', '/home/chairman'), ('CHROME_DESKTOP', 'code-url-handler.desktop'), ('CONDA_SHLVL', '0'), ('OLDPWD', '/home/chairman/working/ros2/learning'), ('TERM_PROGRAM_VERSION', '1.86.2'), ('DESKTOP_SESSION', 'ubuntu'), ('GIO_LAUNCHED_DESKTOP_FILE', '/usr/share/applications/code.desktop'), ('ROS_PYTHON_VERSION', '3'), ('GNOME_SHELL_SESSION_MODE', 'ubuntu'), ('GTK_MODULES', 'gail:atk-bridge'), ('VSCODE_GIT_ASKPASS_MAIN', '/usr/share/code/resources/app/extensions/git/dist/askpass-main.js'), ('LC_MONETARY', 'zh_CN.UTF-8'), ('VSCODE_GIT_ASKPASS_NODE', '/usr/share/code/code'), ('MANAGERPID', '29792'), ('SYSTEMD_EXEC_PID', '29955'), ('IM_CONFIG_CHECK_ENV', '1'), ('DBUS_SESSION_BUS_ADDRESS', 'unix:path=/run/user/1000/bus'), ('COLORTERM', 'truecolor'), ('_CE_M', ''), ('GIO_LAUNCHED_DESKTOP_FILE_PID', '37592'), ('IM_CONFIG_PHASE', '1'), ('WAYLAND_DISPLAY', 'wayland-0'), ('COLCON_PREFIX_PATH', '/home/chairman/working/ros2/learning/chapt5/chapt5_ws/src/install'), ('ROS_DISTRO', 'humble'), ('GTK_IM_MODULE', 'fcitx'), ('LOGNAME', 'chairman'), ('JOURNAL_STREAM', '9:19920'), ('_', '/usr/bin/colcon'), ('ROS_VERSION', '2'), ('XDG_SESSION_CLASS', 'user'), ('USERNAME', 'chairman'), ('TERM', 'xterm-256color'), ('GNOME_DESKTOP_SESSION_ID', 'this-is-deprecated'), ('_CE_CONDA', ''), ('ROS_LOCALHOST_ONLY', '0'), ('PATH', '/usr/local/cuda-12.6/bin:/home/chairman/.local/bin:/opt/ros/humble/bin:/usr/local/cuda-12.6/bin:/home/chairman/miniconda3/condabin:/home/chairman/.local/bin:/usr/local/sbin:/usr/local/bin:/usr/sbin:/usr/bin:/sbin:/bin:/usr/games:/usr/local/games:/snap/bin:/snap/bin'), ('SESSION_MANAGER', 'local/chairman-Legion-Y7000P-IRX9:@/tmp/.ICE-unix/29923,unix/chairman-Legion-Y7000P-IRX9:/tmp/.ICE-unix/29923'), ('INVOCATION_ID', '1364b1a1cb884f0190928f79c474a90a'), ('XDG_MENU_PREFIX', 'gnome-'), ('LC_ADDRESS', 'zh_CN.UTF-8'), ('GNOME_SETUP_DISPLAY', ':1'), ('XDG_RUNTIME_DIR', '/run/user/1000'), ('GDK_BACKEND', 'x11'), ('DISPLAY', ':0'), ('LD_PRELOAD', '/lib/x86_64-linux-gnu/libstdc++.so.6'), ('LANG', 'en_US.UTF-8'), ('XDG_CURRENT_DESKTOP', 'Unity'), ('LC_TELEPHONE', 'zh_CN.UTF-8'), ('XMODIFIERS', '@im=fcitx'), ('XDG_SESSION_DESKTOP', 'ubuntu'), ('XAUTHORITY', '/run/user/1000/.mutter-Xwaylandauth.7SLMB3'), ('LS_COLORS', 'rs=0:di=01;34:ln=01;36:mh=00:pi=40;33:so=01;35:do=01;35:bd=40;33;01:cd=40;33;01:or=40;31;01:mi=00:su=37;41:sg=30;43:ca=30;41:tw=30;42:ow=34;42:st=37;44:ex=01;32:*.tar=01;31:*.tgz=01;31:*.arc=01;31:*.arj=01;31:*.taz=01;31:*.lha=01;31:*.lz4=01;31:*.lzh=01;31:*.lzma=01;31:*.tlz=01;31:*.txz=01;31:*.tzo=01;31:*.t7z=01;31:*.zip=01;31:*.z=01;31:*.dz=01;31:*.gz=01;31:*.lrz=01;31:*.lz=01;31:*.lzo=01;31:*.xz=01;31:*.zst=01;31:*.tzst=01;31:*.bz2=01;31:*.bz=01;31:*.tbz=01;31:*.tbz2=01;31:*.tz=01;31:*.deb=01;31:*.rpm=01;31:*.jar=01;31:*.war=01;31:*.ear=01;31:*.sar=01;31:*.rar=01;31:*.alz=01;31:*.ace=01;31:*.zoo=01;31:*.cpio=01;31:*.7z=01;31:*.rz=01;31:*.cab=01;31:*.wim=01;31:*.swm=01;31:*.dwm=01;31:*.esd=01;31:*.jpg=01;35:*.jpeg=01;35:*.mjpg=01;35:*.mjpeg=01;35:*.gif=01;35:*.bmp=01;35:*.pbm=01;35:*.pgm=01;35:*.ppm=01;35:*.tga=01;35:*.xbm=01;35:*.xpm=01;35:*.tif=01;35:*.tiff=01;35:*.png=01;35:*.svg=01;35:*.svgz=01;35:*.mng=01;35:*.pcx=01;35:*.mov=01;35:*.mpg=01;35:*.mpeg=01;35:*.m2v=01;35:*.mkv=01;35:*.webm=01;35:*.webp=01;35:*.ogm=01;35:*.mp4=01;35:*.m4v=01;35:*.mp4v=01;35:*.vob=01;35:*.qt=01;35:*.nuv=01;35:*.wmv=01;35:*.asf=01;35:*.rm=01;35:*.rmvb=01;35:*.flc=01;35:*.avi=01;35:*.fli=01;35:*.flv=01;35:*.gl=01;35:*.dl=01;35:*.xcf=01;35:*.xwd=01;35:*.yuv=01;35:*.cgm=01;35:*.emf=01;35:*.ogv=01;35:*.ogx=01;35:*.aac=00;36:*.au=00;36:*.flac=00;36:*.m4a=00;36:*.mid=00;36:*.midi=00;36:*.mka=00;36:*.mp3=00;36:*.mpc=00;36:*.ogg=00;36:*.ra=00;36:*.wav=00;36:*.oga=00;36:*.opus=00;36:*.spx=00;36:*.xspf=00;36:'), ('VSCODE_GIT_IPC_HANDLE', '/run/user/1000/vscode-git-6bb655c3f4.sock'), ('TERM_PROGRAM', 'vscode'), ('SSH_AGENT_LAUNCHER', 'gnome-keyring'), ('SSH_AUTH_SOCK', '/run/user/1000/keyring/ssh'), ('AMENT_PREFIX_PATH', '/home/chairman/working/ros2/learning/chapt5/chapt5_ws/src/install/demo_python_tf:/home/chairman/working/ros2/learning/chapt5/chapt5_ws/src/install/demo_cpp_tf:/opt/ros/humble'), ('CONDA_PYTHON_EXE', '/home/chairman/miniconda3/bin/python'), ('ORIGINAL_XDG_CURRENT_DESKTOP', 'ubuntu:GNOME'), ('SHELL', '/bin/bash'), ('LC_NAME', 'zh_CN.UTF-8'), ('QT_ACCESSIBILITY', '1'), ('GDMSESSION', 'ubuntu'), ('LESSCLOSE', '/usr/bin/lesspipe %s %s'), ('LC_MEASUREMENT', 'zh_CN.UTF-8'), ('GJS_DEBUG_OUTPUT', 'stderr'), ('LC_IDENTIFICATION', 'zh_CN.UTF-8'), ('VSCODE_GIT_ASKPASS_EXTRA_ARGS', ''), ('QT_IM_MODULE', 'fcitx'), ('PWD', '/home/chairman/working/ros2/learning/chapt5/chapt5_ws/src/build/demo_cpp_tf'), ('XDG_CONFIG_DIRS', '/etc/xdg/xdg-ubuntu:/etc/xdg'), ('CONDA_EXE', '/home/chairman/miniconda3/bin/conda'), ('CLUTTER_IM_MODULE', 'fcitx'), ('XDG_DATA_DIRS', '/usr/share/ubuntu:/usr/local/share/:/usr/share/:/var/lib/snapd/desktop'), ('PYTHONPATH', '/home/chairman/working/ros2/learning/chapt5/chapt5_ws/src/install/demo_python_tf/lib/python3.10/site-packages:/opt/ros/humble/lib/python3.10/site-packages:/opt/ros/humble/local/lib/python3.10/dist-packages'), ('LC_NUMERIC', 'zh_CN.UTF-8'), ('LC_PAPER', 'zh_CN.UTF-8'), ('COLCON', '1'), ('CMAKE_PREFIX_PATH', '/home/chairman/working/ros2/learning/chapt5/chapt5_ws/src/install/demo_cpp_tf:/home/chairman/working/ros2/learning/chapt5/chapt5_ws/src/install/demo_python_tf:/opt/ros/humble')]), 'shell': False}
[0.028040] (demo_cpp_tf) StdoutLine: {'line': b'-- Found ament_cmake: 1.3.11 (/opt/ros/humble/share/ament_cmake/cmake)\n'}
[0.099980] (-) TimerEvent: {}
[0.114364] (demo_cpp_tf) StdoutLine: {'line': b'-- Found rclcpp: 16.0.12 (/opt/ros/humble/share/rclcpp/cmake)\n'}
[0.133243] (demo_cpp_tf) StdoutLine: {'line': b'-- Found rosidl_generator_c: 3.1.6 (/opt/ros/humble/share/rosidl_generator_c/cmake)\n'}
[0.134766] (demo_cpp_tf) StdoutLine: {'line': b'-- Found rosidl_adapter: 3.1.6 (/opt/ros/humble/share/rosidl_adapter/cmake)\n'}
[0.138346] (demo_cpp_tf) StdoutLine: {'line': b'-- Found rosidl_generator_cpp: 3.1.6 (/opt/ros/humble/share/rosidl_generator_cpp/cmake)\n'}
[0.144230] (demo_cpp_tf) StdoutLine: {'line': b'-- Using all available rosidl_typesupport_c: rosidl_typesupport_fastrtps_c;rosidl_typesupport_introspection_c\n'}
[0.151779] (demo_cpp_tf) StdoutLine: {'line': b'-- Using all available rosidl_typesupport_cpp: rosidl_typesupport_fastrtps_cpp;rosidl_typesupport_introspection_cpp\n'}
[0.171693] (demo_cpp_tf) StdoutLine: {'line': b'-- Found rmw_implementation_cmake: 6.1.2 (/opt/ros/humble/share/rmw_implementation_cmake/cmake)\n'}
[0.172482] (demo_cpp_tf) StdoutLine: {'line': b'-- Found rmw_fastrtps_cpp: 6.2.7 (/opt/ros/humble/share/rmw_fastrtps_cpp/cmake)\n'}
[0.200097] (-) TimerEvent: {}
[0.246873] (demo_cpp_tf) StdoutLine: {'line': b"-- Using RMW implementation 'rmw_fastrtps_cpp' as default\n"}
[0.277262] (demo_cpp_tf) StdoutLine: {'line': b'-- Found tf2: 0.25.12 (/opt/ros/humble/share/tf2/cmake)\n'}
[0.287253] (demo_cpp_tf) StdoutLine: {'line': b'-- Found tf2_ros: 0.25.12 (/opt/ros/humble/share/tf2_ros/cmake)\n'}
[0.300183] (-) TimerEvent: {}
[0.338288] (demo_cpp_tf) StdoutLine: {'line': b'-- Found tf2_geometry_msgs: 0.25.12 (/opt/ros/humble/share/tf2_geometry_msgs/cmake)\n'}
[0.340341] (demo_cpp_tf) StdoutLine: {'line': b'-- Found eigen3_cmake_module: 0.1.1 (/opt/ros/humble/share/eigen3_cmake_module/cmake)\n'}
[0.341440] (demo_cpp_tf) StdoutLine: {'line': b'-- Ensuring Eigen3 include directory is part of orocos-kdl CMake target\n'}
[0.344404] (demo_cpp_tf) StdoutLine: {'line': b'-- Found ament_lint_auto: 0.12.12 (/opt/ros/humble/share/ament_lint_auto/cmake)\n'}
[0.375674] (demo_python_tf) Command: {'cmd': ['/usr/bin/python3', '-W', 'ignore:setup.py install is deprecated', '-W', 'ignore:easy_install command is deprecated', 'setup.py', 'egg_info', '--egg-base', '../build/demo_python_tf', 'build', '--build-base', '/home/chairman/working/ros2/learning/chapt5/chapt5_ws/src/build/demo_python_tf/build', 'install', '--record', '/home/chairman/working/ros2/learning/chapt5/chapt5_ws/src/build/demo_python_tf/install.log', '--single-version-externally-managed', 'install_data'], 'cwd': '/home/chairman/working/ros2/learning/chapt5/chapt5_ws/src/demo_python_tf', 'env': {'GJS_DEBUG_TOPICS': 'JS ERROR;JS LOG', 'LESSOPEN': '| /usr/bin/lesspipe %s', 'USER': 'chairman', 'LC_TIME': 'zh_CN.UTF-8', 'XDG_SESSION_TYPE': 'wayland', 'GIT_ASKPASS': '/usr/share/code/resources/app/extensions/git/dist/askpass.sh', 'SHLVL': '1', 'LD_LIBRARY_PATH': '/usr/local/cuda-12.6/lib64:/usr/lib/x86_64-linux-gnu/gazebo-11/plugins:/opt/ros/humble/opt/rviz_ogre_vendor/lib:/opt/ros/humble/lib/x86_64-linux-gnu:/opt/ros/humble/lib:/usr/local/cuda-12.6/lib64:', 'HOME': '/home/chairman', 'CHROME_DESKTOP': 'code-url-handler.desktop', 'CONDA_SHLVL': '0', 'OLDPWD': '/home/chairman/working/ros2/learning', 'TERM_PROGRAM_VERSION': '1.86.2', 'DESKTOP_SESSION': 'ubuntu', 'GIO_LAUNCHED_DESKTOP_FILE': '/usr/share/applications/code.desktop', 'ROS_PYTHON_VERSION': '3', 'GNOME_SHELL_SESSION_MODE': 'ubuntu', 'GTK_MODULES': 'gail:atk-bridge', 'VSCODE_GIT_ASKPASS_MAIN': '/usr/share/code/resources/app/extensions/git/dist/askpass-main.js', 'LC_MONETARY': 'zh_CN.UTF-8', 'VSCODE_GIT_ASKPASS_NODE': '/usr/share/code/code', 'MANAGERPID': '29792', 'SYSTEMD_EXEC_PID': '29955', 'IM_CONFIG_CHECK_ENV': '1', 'DBUS_SESSION_BUS_ADDRESS': 'unix:path=/run/user/1000/bus', 'COLORTERM': 'truecolor', '_CE_M': '', 'GIO_LAUNCHED_DESKTOP_FILE_PID': '37592', 'IM_CONFIG_PHASE': '1', 'WAYLAND_DISPLAY': 'wayland-0', 'COLCON_PREFIX_PATH': '/home/chairman/working/ros2/learning/chapt5/chapt5_ws/src/install', 'ROS_DISTRO': 'humble', 'GTK_IM_MODULE': 'fcitx', 'LOGNAME': 'chairman', 'JOURNAL_STREAM': '9:19920', '_': '/usr/bin/colcon', 'ROS_VERSION': '2', 'XDG_SESSION_CLASS': 'user', 'USERNAME': 'chairman', 'TERM': 'xterm-256color', 'GNOME_DESKTOP_SESSION_ID': 'this-is-deprecated', '_CE_CONDA': '', 'ROS_LOCALHOST_ONLY': '0', 'PATH': '/usr/local/cuda-12.6/bin:/home/chairman/.local/bin:/opt/ros/humble/bin:/usr/local/cuda-12.6/bin:/home/chairman/miniconda3/condabin:/home/chairman/.local/bin:/usr/local/sbin:/usr/local/bin:/usr/sbin:/usr/bin:/sbin:/bin:/usr/games:/usr/local/games:/snap/bin:/snap/bin', 'SESSION_MANAGER': 'local/chairman-Legion-Y7000P-IRX9:@/tmp/.ICE-unix/29923,unix/chairman-Legion-Y7000P-IRX9:/tmp/.ICE-unix/29923', 'INVOCATION_ID': '1364b1a1cb884f0190928f79c474a90a', 'XDG_MENU_PREFIX': 'gnome-', 'LC_ADDRESS': 'zh_CN.UTF-8', 'GNOME_SETUP_DISPLAY': ':1', 'XDG_RUNTIME_DIR': '/run/user/1000', 'GDK_BACKEND': 'x11', 'DISPLAY': ':0', 'LD_PRELOAD': '/lib/x86_64-linux-gnu/libstdc++.so.6', 'LANG': 'en_US.UTF-8', 'XDG_CURRENT_DESKTOP': 'Unity', 'LC_TELEPHONE': 'zh_CN.UTF-8', 'XMODIFIERS': '@im=fcitx', 'XDG_SESSION_DESKTOP': 'ubuntu', 'XAUTHORITY': '/run/user/1000/.mutter-Xwaylandauth.7SLMB3', 'LS_COLORS': 'rs=0:di=01;34:ln=01;36:mh=00:pi=40;33:so=01;35:do=01;35:bd=40;33;01:cd=40;33;01:or=40;31;01:mi=00:su=37;41:sg=30;43:ca=30;41:tw=30;42:ow=34;42:st=37;44:ex=01;32:*.tar=01;31:*.tgz=01;31:*.arc=01;31:*.arj=01;31:*.taz=01;31:*.lha=01;31:*.lz4=01;31:*.lzh=01;31:*.lzma=01;31:*.tlz=01;31:*.txz=01;31:*.tzo=01;31:*.t7z=01;31:*.zip=01;31:*.z=01;31:*.dz=01;31:*.gz=01;31:*.lrz=01;31:*.lz=01;31:*.lzo=01;31:*.xz=01;31:*.zst=01;31:*.tzst=01;31:*.bz2=01;31:*.bz=01;31:*.tbz=01;31:*.tbz2=01;31:*.tz=01;31:*.deb=01;31:*.rpm=01;31:*.jar=01;31:*.war=01;31:*.ear=01;31:*.sar=01;31:*.rar=01;31:*.alz=01;31:*.ace=01;31:*.zoo=01;31:*.cpio=01;31:*.7z=01;31:*.rz=01;31:*.cab=01;31:*.wim=01;31:*.swm=01;31:*.dwm=01;31:*.esd=01;31:*.jpg=01;35:*.jpeg=01;35:*.mjpg=01;35:*.mjpeg=01;35:*.gif=01;35:*.bmp=01;35:*.pbm=01;35:*.pgm=01;35:*.ppm=01;35:*.tga=01;35:*.xbm=01;35:*.xpm=01;35:*.tif=01;35:*.tiff=01;35:*.png=01;35:*.svg=01;35:*.svgz=01;35:*.mng=01;35:*.pcx=01;35:*.mov=01;35:*.mpg=01;35:*.mpeg=01;35:*.m2v=01;35:*.mkv=01;35:*.webm=01;35:*.webp=01;35:*.ogm=01;35:*.mp4=01;35:*.m4v=01;35:*.mp4v=01;35:*.vob=01;35:*.qt=01;35:*.nuv=01;35:*.wmv=01;35:*.asf=01;35:*.rm=01;35:*.rmvb=01;35:*.flc=01;35:*.avi=01;35:*.fli=01;35:*.flv=01;35:*.gl=01;35:*.dl=01;35:*.xcf=01;35:*.xwd=01;35:*.yuv=01;35:*.cgm=01;35:*.emf=01;35:*.ogv=01;35:*.ogx=01;35:*.aac=00;36:*.au=00;36:*.flac=00;36:*.m4a=00;36:*.mid=00;36:*.midi=00;36:*.mka=00;36:*.mp3=00;36:*.mpc=00;36:*.ogg=00;36:*.ra=00;36:*.wav=00;36:*.oga=00;36:*.opus=00;36:*.spx=00;36:*.xspf=00;36:', 'VSCODE_GIT_IPC_HANDLE': '/run/user/1000/vscode-git-6bb655c3f4.sock', 'TERM_PROGRAM': 'vscode', 'SSH_AGENT_LAUNCHER': 'gnome-keyring', 'SSH_AUTH_SOCK': '/run/user/1000/keyring/ssh', 'AMENT_PREFIX_PATH': '/home/chairman/working/ros2/learning/chapt5/chapt5_ws/src/install/demo_python_tf:/home/chairman/working/ros2/learning/chapt5/chapt5_ws/src/install/demo_cpp_tf:/opt/ros/humble', 'CONDA_PYTHON_EXE': '/home/chairman/miniconda3/bin/python', 'ORIGINAL_XDG_CURRENT_DESKTOP': 'ubuntu:GNOME', 'SHELL': '/bin/bash', 'LC_NAME': 'zh_CN.UTF-8', 'QT_ACCESSIBILITY': '1', 'GDMSESSION': 'ubuntu', 'LESSCLOSE': '/usr/bin/lesspipe %s %s', 'LC_MEASUREMENT': 'zh_CN.UTF-8', 'GJS_DEBUG_OUTPUT': 'stderr', 'LC_IDENTIFICATION': 'zh_CN.UTF-8', 'VSCODE_GIT_ASKPASS_EXTRA_ARGS': '', 'QT_IM_MODULE': 'fcitx', 'PWD': '/home/chairman/working/ros2/learning/chapt5/chapt5_ws/src/build/demo_python_tf', 'XDG_CONFIG_DIRS': '/etc/xdg/xdg-ubuntu:/etc/xdg', 'CONDA_EXE': '/home/chairman/miniconda3/bin/conda', 'CLUTTER_IM_MODULE': 'fcitx', 'XDG_DATA_DIRS': '/usr/share/ubuntu:/usr/local/share/:/usr/share/:/var/lib/snapd/desktop', 'PYTHONPATH': '/home/chairman/working/ros2/learning/chapt5/chapt5_ws/src/build/demo_python_tf/prefix_override:/usr/lib/python3/dist-packages/colcon_core/task/python/colcon_distutils_commands:/home/chairman/working/ros2/learning/chapt5/chapt5_ws/src/install/demo_python_tf/lib/python3.10/site-packages:/home/chairman/working/ros2/learning/chapt5/chapt5_ws/src/install/demo_python_tf/lib/python3.10/site-packages:/opt/ros/humble/lib/python3.10/site-packages:/opt/ros/humble/local/lib/python3.10/dist-packages', 'LC_NUMERIC': 'zh_CN.UTF-8', 'LC_PAPER': 'zh_CN.UTF-8', 'COLCON': '1', 'CMAKE_PREFIX_PATH': '/home/chairman/working/ros2/learning/chapt5/chapt5_ws/src/install/demo_cpp_tf'}, 'shell': False}
[0.390095] (demo_cpp_tf) StdoutLine: {'line': b"-- Added test 'cppcheck' to perform static code analysis on C / C++ code\n"}
[0.390194] (demo_cpp_tf) StdoutLine: {'line': b'-- Configured cppcheck include dirs: \n'}
[0.390234] (demo_cpp_tf) StdoutLine: {'line': b'-- Configured cppcheck exclude dirs and/or files: \n'}
[0.390432] (demo_cpp_tf) StdoutLine: {'line': b"-- Added test 'lint_cmake' to check CMake code style\n"}
[0.390955] (demo_cpp_tf) StdoutLine: {'line': b"-- Added test 'uncrustify' to check C / C++ code style\n"}
[0.391041] (demo_cpp_tf) StdoutLine: {'line': b'-- Configured uncrustify additional arguments: \n'}
[0.391274] (demo_cpp_tf) StdoutLine: {'line': b"-- Added test 'xmllint' to check XML markup files\n"}
[0.391474] (demo_cpp_tf) StdoutLine: {'line': b'-- Configuring done\n'}
[0.400248] (-) TimerEvent: {}
[0.401890] (demo_cpp_tf) StdoutLine: {'line': b'-- Generating done\n'}
[0.406334] (demo_cpp_tf) StdoutLine: {'line': b'-- Build files have been written to: /home/chairman/working/ros2/learning/chapt5/chapt5_ws/src/build/demo_cpp_tf\n'}
[0.429935] (demo_cpp_tf) StdoutLine: {'line': b'\x1b[35m\x1b[1mConsolidate compiler generated dependencies of target static_tf_broadcaster\x1b[0m\n'}
[0.430325] (demo_cpp_tf) StdoutLine: {'line': b'\x1b[35m\x1b[1mConsolidate compiler generated dependencies of target dynamic_tf_broadcaster\x1b[0m\n'}
[0.440355] (demo_cpp_tf) StdoutLine: {'line': b'[ 16%] \x1b[32mBuilding CXX object CMakeFiles/tf_listener.dir/src/tf_listener.cpp.o\x1b[0m\n'}
[0.444515] (demo_cpp_tf) StdoutLine: {'line': b'[ 50%] Built target static_tf_broadcaster\n'}
[0.446962] (demo_cpp_tf) StdoutLine: {'line': b'[ 83%] Built target dynamic_tf_broadcaster\n'}
[0.500468] (-) TimerEvent: {}
[0.517961] (demo_python_tf) StdoutLine: {'line': b'running egg_info\n'}
[0.518173] (demo_python_tf) StdoutLine: {'line': b'writing ../build/demo_python_tf/demo_python_tf.egg-info/PKG-INFO\n'}
[0.518265] (demo_python_tf) StdoutLine: {'line': b'writing dependency_links to ../build/demo_python_tf/demo_python_tf.egg-info/dependency_links.txt\n'}
[0.518303] (demo_python_tf) StdoutLine: {'line': b'writing entry points to ../build/demo_python_tf/demo_python_tf.egg-info/entry_points.txt\n'}
[0.518333] (demo_python_tf) StdoutLine: {'line': b'writing requirements to ../build/demo_python_tf/demo_python_tf.egg-info/requires.txt\n'}
[0.518363] (demo_python_tf) StdoutLine: {'line': b'writing top-level names to ../build/demo_python_tf/demo_python_tf.egg-info/top_level.txt\n'}
[0.518761] (demo_python_tf) StdoutLine: {'line': b"reading manifest file '../build/demo_python_tf/demo_python_tf.egg-info/SOURCES.txt'\n"}
[0.519019] (demo_python_tf) StdoutLine: {'line': b"adding license file 'LICENSE'\n"}
[0.519446] (demo_python_tf) StdoutLine: {'line': b"writing manifest file '../build/demo_python_tf/demo_python_tf.egg-info/SOURCES.txt'\n"}
[0.519603] (demo_python_tf) StdoutLine: {'line': b'running build\n'}
[0.519648] (demo_python_tf) StdoutLine: {'line': b'running build_py\n'}
[0.519857] (demo_python_tf) StdoutLine: {'line': b'running install\n'}
[0.520140] (demo_python_tf) StdoutLine: {'line': b'running install_lib\n'}
[0.520799] (demo_python_tf) StdoutLine: {'line': b'running install_data\n'}
[0.520895] (demo_python_tf) StdoutLine: {'line': b'running install_egg_info\n'}
[0.522360] (demo_python_tf) StdoutLine: {'line': b"removing '/home/chairman/working/ros2/learning/chapt5/chapt5_ws/src/install/demo_python_tf/lib/python3.10/site-packages/demo_python_tf-0.0.0-py3.10.egg-info' (and everything under it)\n"}
[0.522601] (demo_python_tf) StdoutLine: {'line': b'Copying ../build/demo_python_tf/demo_python_tf.egg-info to /home/chairman/working/ros2/learning/chapt5/chapt5_ws/src/install/demo_python_tf/lib/python3.10/site-packages/demo_python_tf-0.0.0-py3.10.egg-info\n'}
[0.522812] (demo_python_tf) StdoutLine: {'line': b'running install_scripts\n'}
[0.535541] (demo_python_tf) StdoutLine: {'line': b'Installing dynamic_tf_broadcaster script to /home/chairman/working/ros2/learning/chapt5/chapt5_ws/src/install/demo_python_tf/lib/demo_python_tf\n'}
[0.535622] (demo_python_tf) StdoutLine: {'line': b'Installing static_tf_broadcaster script to /home/chairman/working/ros2/learning/chapt5/chapt5_ws/src/install/demo_python_tf/lib/demo_python_tf\n'}
[0.535660] (demo_python_tf) StdoutLine: {'line': b'Installing tf_listener script to /home/chairman/working/ros2/learning/chapt5/chapt5_ws/src/install/demo_python_tf/lib/demo_python_tf\n'}
[0.535840] (demo_python_tf) StdoutLine: {'line': b"writing list of installed files to '/home/chairman/working/ros2/learning/chapt5/chapt5_ws/src/build/demo_python_tf/install.log'\n"}
[0.550831] (demo_python_tf) CommandEnded: {'returncode': 0}
[0.560281] (demo_python_tf) JobEnded: {'identifier': 'demo_python_tf', 'rc': 0}
[0.600587] (-) TimerEvent: {}
[0.700910] (-) TimerEvent: {}
[0.801156] (-) TimerEvent: {}
[0.901415] (-) TimerEvent: {}
[1.001744] (-) TimerEvent: {}
[1.102059] (-) TimerEvent: {}
[1.202321] (-) TimerEvent: {}
[1.302580] (-) TimerEvent: {}
[1.402907] (-) TimerEvent: {}
[1.503402] (-) TimerEvent: {}
[1.603739] (-) TimerEvent: {}
[1.704061] (-) TimerEvent: {}
[1.804374] (-) TimerEvent: {}
[1.904703] (-) TimerEvent: {}
[1.942510] (demo_cpp_tf) StderrLine: {'line': b'\x1b[01m\x1b[K/home/chairman/working/ros2/learning/chapt5/chapt5_ws/src/demo_cpp_tf/src/tf_listener.cpp:\x1b[m\x1b[K In member function \xe2\x80\x98\x1b[01m\x1b[Kvoid TFListener::getTransform()\x1b[m\x1b[K\xe2\x80\x99:\n'}
[1.942668] (demo_cpp_tf) StderrLine: {'line': b'\x1b[01m\x1b[K/home/chairman/working/ros2/learning/chapt5/chapt5_ws/src/demo_cpp_tf/src/tf_listener.cpp:24:53:\x1b[m\x1b[K \x1b[01;31m\x1b[Kerror: \x1b[m\x1b[K\xe2\x80\x98\x1b[01m\x1b[Kconst struct geometry_msgs::msg::TransformStamped_<std::allocator<void> >\x1b[m\x1b[K\xe2\x80\x99 has no member named \xe2\x80\x98\x1b[01m\x1b[Ktranslation\x1b[m\x1b[K\xe2\x80\x99\n'}
[1.942711] (demo_cpp_tf) StderrLine: {'line': b'   24 |                 const auto &translation = transform.\x1b[01;31m\x1b[Ktranslation\x1b[m\x1b[K;\n'}
[1.942746] (demo_cpp_tf) StderrLine: {'line': b'      |                                                     \x1b[01;31m\x1b[K^~~~~~~~~~~\x1b[m\x1b[K\n'}
[2.004877] (-) TimerEvent: {}
[2.105133] (-) TimerEvent: {}
[2.205453] (-) TimerEvent: {}
[2.305786] (-) TimerEvent: {}
[2.406130] (-) TimerEvent: {}
[2.506403] (-) TimerEvent: {}
[2.606723] (-) TimerEvent: {}
[2.707077] (-) TimerEvent: {}
[2.807431] (-) TimerEvent: {}
[2.907762] (-) TimerEvent: {}
[3.008071] (-) TimerEvent: {}
[3.108394] (-) TimerEvent: {}
[3.208715] (-) TimerEvent: {}
[3.309034] (-) TimerEvent: {}
[3.409368] (-) TimerEvent: {}
[3.469919] (demo_cpp_tf) StderrLine: {'line': b'gmake[2]: *** [CMakeFiles/tf_listener.dir/build.make:76: CMakeFiles/tf_listener.dir/src/tf_listener.cpp.o] Error 1\n'}
[3.470236] (demo_cpp_tf) StderrLine: {'line': b'gmake[1]: *** [CMakeFiles/Makefile2:193: CMakeFiles/tf_listener.dir/all] Error 2\n'}
[3.470486] (demo_cpp_tf) StderrLine: {'line': b'gmake: *** [Makefile:146: all] Error 2\n'}
[3.472390] (demo_cpp_tf) CommandEnded: {'returncode': 2}
[3.476901] (demo_cpp_tf) JobEnded: {'identifier': 'demo_cpp_tf', 'rc': 2}
[3.487349] (-) EventReactorShutdown: {}
