[ 50%] [32mBuilding CXX object CMakeFiles/nav2_custom_planner_plugin.dir/src/nav2_custom_planner.cpp.o[0m
In file included from [01m[K/home/chairman/working/ros2/learning/chapt8/chapt8_ws/src/nav2_custom_planner/src/nav2_custom_planner.cpp:6[m[K:
[01m[K/home/chairman/working/ros2/learning/chapt8/chapt8_ws/src/nav2_custom_planner/include/nav2_custom_planner/nav2_custom_planner.hpp:15:58:[m[K [01;31m[Kerror: [m[Kexpected class-name before â€˜[01m[K{[m[Kâ€™ token
   15 |     class CustomPlanner : public nav2_core::GlobalPlanner[01;31m[K{[m[K
      |                                                          [01;31m[K^[m[K
[01m[K/home/chairman/working/ros2/learning/chapt8/chapt8_ws/src/nav2_custom_planner/include/nav2_custom_planner/nav2_custom_planner.hpp:33:38:[m[K [01;31m[Kerror: [m[Kâ€˜[01m[Kmsgs[m[Kâ€™ in namespace â€˜[01m[Kgeometry_msgs[m[Kâ€™ does not name a type; did you mean â€˜[01m[Kmsg[m[Kâ€™?
   33 |                 const geometry_msgs::[01;31m[Kmsgs[m[K::PoseStamped &goal) override;
      |                                      [01;31m[K^~~~[m[K
      |                                      [32m[Kmsg[m[K
[01m[K/home/chairman/working/ros2/learning/chapt8/chapt8_ws/src/nav2_custom_planner/include/nav2_custom_planner/nav2_custom_planner.hpp:33:56:[m[K [01;31m[Kerror: [m[Kexpected unqualified-id before â€˜[01m[K&[m[Kâ€™ token
   33 |                 const geometry_msgs::msgs::PoseStamped [01;31m[K&[m[Kgoal) override;
      |                                                        [01;31m[K^[m[K
[01m[K/home/chairman/working/ros2/learning/chapt8/chapt8_ws/src/nav2_custom_planner/include/nav2_custom_planner/nav2_custom_planner.hpp:33:55:[m[K [01;31m[Kerror: [m[Kexpected â€˜[01m[K)[m[Kâ€™ before â€˜[01m[K&[m[Kâ€™ token
   33 |                 const geometry_msgs::msgs::PoseStamped[01;31m[K [m[K[32m[K&[m[Kgoal) override;
      |                                                       [01;31m[K^[m[K[32m[K~[m[K
      |                                                       [32m[K)[m[K
[01m[K/home/chairman/working/ros2/learning/chapt8/chapt8_ws/src/nav2_custom_planner/include/nav2_custom_planner/nav2_custom_planner.hpp:32:23:[m[K [01;36m[Knote: [m[Kto match this â€˜[01m[K([m[Kâ€™
   32 |             createPlan[01;36m[K([m[Kconst geometry_msgs::msg::PoseStamped &start,
      |                       [01;36m[K^[m[K
[01m[K/home/chairman/working/ros2/learning/chapt8/chapt8_ws/src/nav2_custom_planner/include/nav2_custom_planner/nav2_custom_planner.hpp:33:56:[m[K [01;31m[Kerror: [m[Kexpected â€˜[01m[K;[m[Kâ€™ at end of member declaration
   33 |                 const geometry_msgs::msgs::PoseStamped [01;31m[K&[m[Kgoal) override;
      |                                                        [01;31m[K^[m[K
      |                                                         [32m[K;[m[K
[01m[K/home/chairman/working/ros2/learning/chapt8/chapt8_ws/src/nav2_custom_planner/include/nav2_custom_planner/nav2_custom_planner.hpp:33:57:[m[K [01;31m[Kerror: [m[Kâ€˜[01m[Kgoal[m[Kâ€™ does not name a type
   33 |                 const geometry_msgs::msgs::PoseStamped &[01;31m[Kgoal[m[K) override;
      |                                                         [01;31m[K^~~~[m[K
[01m[K/home/chairman/working/ros2/learning/chapt8/chapt8_ws/src/nav2_custom_planner/include/nav2_custom_planner/nav2_custom_planner.hpp:20:18:[m[K [01;31m[Kerror: [m[Kâ€˜[01m[Kvoid nav2_custom_planner::CustomPlanner::configure(const WeakPtr&, std::string, std::shared_ptr<tf2_ros::Buffer>, std::shared_ptr<nav2_costmap_2d::Costmap2DROS>)[m[Kâ€™ marked â€˜[01m[Koverride[m[Kâ€™, but does not override
   20 |             void [01;31m[Kconfigure[m[K(
      |                  [01;31m[K^~~~~~~~~[m[K
[01m[K/home/chairman/working/ros2/learning/chapt8/chapt8_ws/src/nav2_custom_planner/include/nav2_custom_planner/nav2_custom_planner.hpp:25:18:[m[K [01;31m[Kerror: [m[Kâ€˜[01m[Kvoid nav2_custom_planner::CustomPlanner::cleanup()[m[Kâ€™ marked â€˜[01m[Koverride[m[Kâ€™, but does not override
   25 |             void [01;31m[Kcleanup[m[K() override;
      |                  [01;31m[K^~~~~~~[m[K
[01m[K/home/chairman/working/ros2/learning/chapt8/chapt8_ws/src/nav2_custom_planner/include/nav2_custom_planner/nav2_custom_planner.hpp:27:18:[m[K [01;31m[Kerror: [m[Kâ€˜[01m[Kvoid nav2_custom_planner::CustomPlanner::activate()[m[Kâ€™ marked â€˜[01m[Koverride[m[Kâ€™, but does not override
   27 |             void [01;31m[Kactivate[m[K() override;
      |                  [01;31m[K^~~~~~~~[m[K
[01m[K/home/chairman/working/ros2/learning/chapt8/chapt8_ws/src/nav2_custom_planner/include/nav2_custom_planner/nav2_custom_planner.hpp:29:18:[m[K [01;31m[Kerror: [m[Kâ€˜[01m[Kvoid nav2_custom_planner::CustomPlanner::deactivate()[m[Kâ€™ marked â€˜[01m[Koverride[m[Kâ€™, but does not override
   29 |             void [01;31m[Kdeactivate[m[K() override;
      |                  [01;31m[K^~~~~~~~~~[m[K
[01m[K/home/chairman/working/ros2/learning/chapt8/chapt8_ws/src/nav2_custom_planner/src/nav2_custom_planner.cpp:33:5:[m[K [01;31m[Kerror: [m[Kno declaration matches â€˜[01m[Knav_msgs::msg::Path nav2_custom_planner::CustomPlanner::createPlan(const PoseStamped&, const PoseStamped&)[m[Kâ€™
   33 |     [01;31m[KCustomPlanner[m[K::createPlan(const geometry_msgs::msg::PoseStamped &start,
      |     [01;31m[K^~~~~~~~~~~~~[m[K
In file included from [01m[K/home/chairman/working/ros2/learning/chapt8/chapt8_ws/src/nav2_custom_planner/src/nav2_custom_planner.cpp:6[m[K:
[01m[K/home/chairman/working/ros2/learning/chapt8/chapt8_ws/src/nav2_custom_planner/include/nav2_custom_planner/nav2_custom_planner.hpp:32:13:[m[K [01;36m[Knote: [m[Kcandidate is: â€˜[01m[Knav_msgs::msg::Path nav2_custom_planner::CustomPlanner::createPlan(...) &[m[Kâ€™
   32 |             [01;36m[KcreatePlan[m[K(const geometry_msgs::msg::PoseStamped &start,
      |             [01;36m[K^~~~~~~~~~[m[K
[01m[K/home/chairman/working/ros2/learning/chapt8/chapt8_ws/src/nav2_custom_planner/include/nav2_custom_planner/nav2_custom_planner.hpp:15:11:[m[K [01;36m[Knote: [m[Kâ€˜[01m[Kclass nav2_custom_planner::CustomPlanner[m[Kâ€™ defined here
   15 |     class [01;36m[KCustomPlanner[m[K : public nav2_core::GlobalPlanner{
      |           [01;36m[K^~~~~~~~~~~~~[m[K
In file included from [01m[K/opt/ros/humble/include/class_loader/class_loader/class_loader.hpp:56[m[K,
                 from [01m[K/opt/ros/humble/include/class_loader/class_loader/multi_library_class_loader.hpp:52[m[K,
                 from [01m[K/opt/ros/humble/include/pluginlib/pluginlib/class_loader.hpp:38[m[K,
                 from [01m[K/opt/ros/humble/include/nav2_costmap_2d/nav2_costmap_2d/costmap_2d_ros.hpp:54[m[K,
                 from [01m[K/home/chairman/working/ros2/learning/chapt8/chapt8_ws/src/nav2_custom_planner/include/nav2_custom_planner/nav2_custom_planner.hpp:8[m[K,
                 from [01m[K/home/chairman/working/ros2/learning/chapt8/chapt8_ws/src/nav2_custom_planner/src/nav2_custom_planner.cpp:6[m[K:
[01m[K/home/chairman/working/ros2/learning/chapt8/chapt8_ws/src/nav2_custom_planner/src/nav2_custom_planner.cpp:42:70:[m[K [01;31m[Kerror: [m[Kâ€˜[01m[KGlobalPlanner[m[Kâ€™ in namespace â€˜[01m[Knav2_core[m[Kâ€™ does not name a type
   42 | PLUGINLIB_EXPORT_CLASS(nav2_custom_planner::CustomPlanner,nav2_core::[01;31m[KGlobalPlanner[m[K)
      |                                                                      [01;31m[K^~~~~~~~~~~~~[m[K
[01m[K/home/chairman/working/ros2/learning/chapt8/chapt8_ws/src/nav2_custom_planner/src/nav2_custom_planner.cpp:[m[K In constructor â€˜[01m[K{anonymous}::ProxyExec0::ProxyExec0()[m[Kâ€™:
[01m[K/home/chairman/working/ros2/learning/chapt8/chapt8_ws/src/nav2_custom_planner/src/nav2_custom_planner.cpp:42:1:[m[K [01;31m[Kerror: [m[Kâ€˜[01m[K_base[m[Kâ€™ was not declared in this scope
   42 | [01;31m[KPLUGINLIB_EXPORT_CLASS[m[K(nav2_custom_planner::CustomPlanner,nav2_core::GlobalPlanner)
      | [01;31m[K^~~~~~~~~~~~~~~~~~~~~~[m[K
[01m[K/home/chairman/working/ros2/learning/chapt8/chapt8_ws/src/nav2_custom_planner/src/nav2_custom_planner.cpp:42:1:[m[K [01;31m[Kerror: [m[Kno matching function for call to â€˜[01m[KregisterPlugin<{anonymous}::ProxyExec0::_derived, <expression error> >(const char [35], const char [25])[m[Kâ€™
   42 | [01;31m[KPLUGINLIB_EXPORT_CLASS[m[K(nav2_custom_planner::CustomPlanner,nav2_core::GlobalPlanner)
      | [01;31m[K^~~~~~~~~~~~~~~~~~~~~~[m[K
In file included from [01m[K/opt/ros/humble/include/class_loader/class_loader/class_loader.hpp:55[m[K,
                 from [01m[K/opt/ros/humble/include/class_loader/class_loader/multi_library_class_loader.hpp:52[m[K,
                 from [01m[K/opt/ros/humble/include/pluginlib/pluginlib/class_loader.hpp:38[m[K,
                 from [01m[K/opt/ros/humble/include/nav2_costmap_2d/nav2_costmap_2d/costmap_2d_ros.hpp:54[m[K,
                 from [01m[K/home/chairman/working/ros2/learning/chapt8/chapt8_ws/src/nav2_custom_planner/include/nav2_custom_planner/nav2_custom_planner.hpp:8[m[K,
                 from [01m[K/home/chairman/working/ros2/learning/chapt8/chapt8_ws/src/nav2_custom_planner/src/nav2_custom_planner.cpp:6[m[K:
[01m[K/opt/ros/humble/include/class_loader/class_loader/class_loader_core.hpp:210:6:[m[K [01;36m[Knote: [m[Kcandidate: â€˜[01m[Ktemplate<class Derived, class Base> void class_loader::impl::registerPlugin(const string&, const string&)[m[Kâ€™
  210 | void [01;36m[KregisterPlugin[m[K(const std::string & class_name, const std::string & base_class_name)
      |      [01;36m[K^~~~~~~~~~~~~~[m[K
[01m[K/opt/ros/humble/include/class_loader/class_loader/class_loader_core.hpp:210:6:[m[K [01;36m[Knote: [m[K  template argument deduction/substitution failed:
In file included from [01m[K/opt/ros/humble/include/class_loader/class_loader/class_loader.hpp:56[m[K,
                 from [01m[K/opt/ros/humble/include/class_loader/class_loader/multi_library_class_loader.hpp:52[m[K,
                 from [01m[K/opt/ros/humble/include/pluginlib/pluginlib/class_loader.hpp:38[m[K,
                 from [01m[K/opt/ros/humble/include/nav2_costmap_2d/nav2_costmap_2d/costmap_2d_ros.hpp:54[m[K,
                 from [01m[K/home/chairman/working/ros2/learning/chapt8/chapt8_ws/src/nav2_custom_planner/include/nav2_custom_planner/nav2_custom_planner.hpp:8[m[K,
                 from [01m[K/home/chairman/working/ros2/learning/chapt8/chapt8_ws/src/nav2_custom_planner/src/nav2_custom_planner.cpp:6[m[K:
[01m[K/home/chairman/working/ros2/learning/chapt8/chapt8_ws/src/nav2_custom_planner/src/nav2_custom_planner.cpp:42:1:[m[K [01;31m[Kerror: [m[Ktemplate argument 2 is invalid
   42 | [01;31m[KPLUGINLIB_EXPORT_CLASS[m[K(nav2_custom_planner::CustomPlanner,nav2_core::GlobalPlanner)
      | [01;31m[K^~~~~~~~~~~~~~~~~~~~~~[m[K
gmake[2]: *** [CMakeFiles/nav2_custom_planner_plugin.dir/build.make:76: CMakeFiles/nav2_custom_planner_plugin.dir/src/nav2_custom_planner.cpp.o] Error 1
gmake[1]: *** [CMakeFiles/Makefile2:137: CMakeFiles/nav2_custom_planner_plugin.dir/all] Error 2
gmake: *** [Makefile:146: all] Error 2
