[0.008s] Invoking command in '/home/chairman/working/ros2/learning/chapt4/chapt4_ws/src/build/demo_cpp_service': CMAKE_PREFIX_PATH=${CMAKE_PREFIX_PATH}:/home/chairman/working/ros2/learning/chapt4/chapt4_ws/src/install/demo_python_service:/opt/ros/humble LD_LIBRARY_PATH=/home/chairman/working/ros2/learning/chapt4/chapt4_ws/src/install/chapt4_interfaces/lib:/usr/local/cuda-12.6/lib64:/usr/lib/x86_64-linux-gnu/gazebo-11/plugins:/opt/ros/humble/opt/rviz_ogre_vendor/lib:/opt/ros/humble/lib/x86_64-linux-gnu:/opt/ros/humble/lib:/usr/local/cuda-12.6/lib64 /usr/bin/cmake /home/chairman/working/ros2/learning/chapt4/chapt4_ws/src/demo_cpp_service -DCMAKE_INSTALL_PREFIX=/home/chairman/working/ros2/learning/chapt4/chapt4_ws/src/install/demo_cpp_service
[0.049s] -- The C compiler identification is GNU 11.4.0
[0.094s] -- The CXX compiler identification is GNU 11.4.0
[0.100s] -- Detecting C compiler ABI info
[0.156s] -- Detecting C compiler ABI info - done
[0.160s] -- Check for working C compiler: /usr/bin/cc - skipped
[0.160s] -- Detecting C compile features
[0.161s] -- Detecting C compile features - done
[0.163s] -- Detecting CXX compiler ABI info
[0.222s] -- Detecting CXX compiler ABI info - done
[0.228s] -- Check for working CXX compiler: /usr/bin/c++ - skipped
[0.228s] -- Detecting CXX compile features
[0.228s] -- Detecting CXX compile features - done
[0.230s] -- Found ament_cmake: 1.3.11 (/opt/ros/humble/share/ament_cmake/cmake)
[0.333s] -- Found Python3: /usr/bin/python3 (found version "3.10.12") found components: Interpreter 
[0.394s] -- Found chapt4_interfaces: 0.0.0 (/home/chairman/working/ros2/learning/chapt4/chapt4_ws/src/install/chapt4_interfaces/share/chapt4_interfaces/cmake)
[0.419s] -- Found rosidl_generator_c: 3.1.6 (/opt/ros/humble/share/rosidl_generator_c/cmake)
[0.422s] -- Found rosidl_adapter: 3.1.6 (/opt/ros/humble/share/rosidl_adapter/cmake)
[0.428s] -- Found rosidl_generator_cpp: 3.1.6 (/opt/ros/humble/share/rosidl_generator_cpp/cmake)
[0.438s] -- Using all available rosidl_typesupport_c: rosidl_typesupport_fastrtps_c;rosidl_typesupport_introspection_c
[0.450s] -- Using all available rosidl_typesupport_cpp: rosidl_typesupport_fastrtps_cpp;rosidl_typesupport_introspection_cpp
[0.510s] -- Found rclcpp: 16.0.12 (/opt/ros/humble/share/rclcpp/cmake)
[0.540s] -- Found rmw_implementation_cmake: 6.1.2 (/opt/ros/humble/share/rmw_implementation_cmake/cmake)
[0.542s] -- Found rmw_fastrtps_cpp: 6.2.7 (/opt/ros/humble/share/rmw_fastrtps_cpp/cmake)
[0.623s] -- Found OpenSSL: /usr/lib/x86_64-linux-gnu/libcrypto.so (found version "3.0.2")  
[0.643s] -- Found FastRTPS: /opt/ros/humble/include  
[0.675s] -- Using RMW implementation 'rmw_fastrtps_cpp' as default
[0.683s] -- Looking for pthread.h
[0.768s] -- Looking for pthread.h - found
[0.768s] -- Performing Test CMAKE_HAVE_LIBC_PTHREAD
[0.858s] -- Performing Test CMAKE_HAVE_LIBC_PTHREAD - Success
[0.859s] -- Found Threads: TRUE  
[0.890s] -- Found turtlesim: 1.4.2 (/opt/ros/humble/share/turtlesim/cmake)
[0.919s] -- Found ament_lint_auto: 0.12.12 (/opt/ros/humble/share/ament_lint_auto/cmake)
[0.979s] -- Added test 'cppcheck' to perform static code analysis on C / C++ code
[0.979s] -- Configured cppcheck include dirs: 
[0.979s] -- Configured cppcheck exclude dirs and/or files: 
[0.979s] -- Added test 'lint_cmake' to check CMake code style
[0.980s] -- Added test 'uncrustify' to check C / C++ code style
[0.980s] -- Configured uncrustify additional arguments: 
[0.980s] -- Added test 'xmllint' to check XML markup files
[0.981s] -- Configuring done
[0.988s] -- Generating done
[0.991s] -- Build files have been written to: /home/chairman/working/ros2/learning/chapt4/chapt4_ws/src/build/demo_cpp_service
[0.999s] Invoked command in '/home/chairman/working/ros2/learning/chapt4/chapt4_ws/src/build/demo_cpp_service' returned '0': CMAKE_PREFIX_PATH=${CMAKE_PREFIX_PATH}:/home/chairman/working/ros2/learning/chapt4/chapt4_ws/src/install/demo_python_service:/opt/ros/humble LD_LIBRARY_PATH=/home/chairman/working/ros2/learning/chapt4/chapt4_ws/src/install/chapt4_interfaces/lib:/usr/local/cuda-12.6/lib64:/usr/lib/x86_64-linux-gnu/gazebo-11/plugins:/opt/ros/humble/opt/rviz_ogre_vendor/lib:/opt/ros/humble/lib/x86_64-linux-gnu:/opt/ros/humble/lib:/usr/local/cuda-12.6/lib64 /usr/bin/cmake /home/chairman/working/ros2/learning/chapt4/chapt4_ws/src/demo_cpp_service -DCMAKE_INSTALL_PREFIX=/home/chairman/working/ros2/learning/chapt4/chapt4_ws/src/install/demo_cpp_service
[0.999s] Invoking command in '/home/chairman/working/ros2/learning/chapt4/chapt4_ws/src/build/demo_cpp_service': CMAKE_PREFIX_PATH=${CMAKE_PREFIX_PATH}:/home/chairman/working/ros2/learning/chapt4/chapt4_ws/src/install/demo_python_service:/opt/ros/humble LD_LIBRARY_PATH=/home/chairman/working/ros2/learning/chapt4/chapt4_ws/src/install/chapt4_interfaces/lib:/usr/local/cuda-12.6/lib64:/usr/lib/x86_64-linux-gnu/gazebo-11/plugins:/opt/ros/humble/opt/rviz_ogre_vendor/lib:/opt/ros/humble/lib/x86_64-linux-gnu:/opt/ros/humble/lib:/usr/local/cuda-12.6/lib64 /usr/bin/cmake --build /home/chairman/working/ros2/learning/chapt4/chapt4_ws/src/build/demo_cpp_service -- -j28 -l28
[1.056s] [ 50%] [32mBuilding CXX object CMakeFiles/turtle_control.dir/src/turtle_control.cpp.o[0m
[1.191s] [01m[K/home/chairman/working/ros2/learning/chapt4/chapt4_ws/src/demo_cpp_service/src/turtle_control.cpp:14:17:[m[K [01;35m[Kwarning: [m[Kcharacter constant too long for its type
[1.191s]    14 |                 [01;35m[K'patrol'[m[K,
[1.192s]       |                 [01;35m[K^~~~~~~~[m[K
[2.586s] [01m[K/home/chairman/working/ros2/learning/chapt4/chapt4_ws/src/demo_cpp_service/src/turtle_control.cpp:[m[K In lambda function:
[2.587s] [01m[K/home/chairman/working/ros2/learning/chapt4/chapt4_ws/src/demo_cpp_service/src/turtle_control.cpp:17:85:[m[K [01;31m[Kerror: [m[K‚Äò[01m[Krequests[m[K‚Äô was not declared in this scope; did you mean ‚Äò[01m[Krequest[m[K‚Äô?
[2.587s]    17 |         if((0 < request->target_x && request->target_x < 12.0f) && (0 < [01;31m[Krequests[m[K->target_y && request->target_y < 12.0f)){
[2.587s]       |                                                                         [01;31m[K^~~~~~~~[m[K
[2.587s]       |                                                                         [32m[Krequest[m[K
[2.587s] [01m[K/home/chairman/working/ros2/learning/chapt4/chapt4_ws/src/demo_cpp_service/src/turtle_control.cpp:[m[K In constructor ‚Äò[01m[KTurtleController::TurtleController()[m[K‚Äô:
[2.587s] [01m[K/home/chairman/working/ros2/learning/chapt4/chapt4_ws/src/demo_cpp_service/src/turtle_control.cpp:13:58:[m[K [01;31m[Kerror: [m[Kno matching function for call to ‚Äò[01m[KTurtleController::create_service<Patrol>(int, TurtleController::TurtleController()::<lambda(std::shared_ptr<chapt4_interfaces::srv::Patrol_Request_<std::allocator<void> > >, std::shared_ptr<chapt4_interfaces::srv::Patrol_Response_<std::allocator<void> > >)>)[m[K‚Äô
[2.587s]    13 |             patrol_server_ = [01;31m[Kthis->create_service<Patrol>([m[K
[2.587s]       |                              [01;31m[K~~~~~~~~~~~~~~~~~~~~~~~~~~~~^[m[K
[2.587s]    14 | [01;31m[K                'patrol',[m[K
[2.587s]       |                 [01;31m[K~~~~~~~~~[m[K                                 
[2.587s]    15 | [01;31m[K                [&](const std::shared_ptr<Patrol::Request> request, const std::shared_ptr<Patrol::Response> response) -> void{[m[K
[2.587s]       |                 [01;31m[K~~~~~~~~~~~~~~~~~~~~~~~~~~~~~~~~~~~~~~~~~~~~~~~~~~~~~~~~~~~~~~~~~~~~~~~~~~~~~~~~~~~~~~~~~~~~~~~~~~~~~~~~~~~~~~[m[K
[2.587s]    16 | [01;31m[K                    // Âà§Êñ≠ÈÄªËæëÁÇπÊòØÂê¶Âú®Ê®°ÊãüÂô®ËæπÁïåÂÜÖ[m[K
[2.587s]       |                     [01;31m[K~~~~~~~~~~~~~~~~~~~~~~~~~~~~~~~[m[K       
[2.587s]    17 | [01;31m[K                    if((0 < request->target_x && request->target_x < 12.0f) && (0 < requests->target_y && request->target_y < 12.0f)){[m[K
[2.587s]       |                     [01;31m[K~~~~~~~~~~~~~~~~~~~~~~~~~~~~~~~~~~~~~~~~~~~~~~~~~~~~~~~~~~~~~~~~~~~~~~~~~~~~~~~~~~~~~~~~~~~~~~~~~~~~~~~~~~~~~~~~~~[m[K
[2.587s]    18 | [01;31m[K                        target_x_ = request->target_x;[m[K
[2.587s]       |                         [01;31m[K~~~~~~~~~~~~~~~~~~~~~~~~~~~~~~[m[K    
[2.587s]    19 | [01;31m[K                        target_y_ = request->target_y;[m[K
[2.587s]       |                         [01;31m[K~~~~~~~~~~~~~~~~~~~~~~~~~~~~~~[m[K    
[2.587s]    20 | [01;31m[K                        response->result = Patrol::Response::SUCCESS;[m[K
[2.587s]       |                         [01;31m[K~~~~~~~~~~~~~~~~~~~~~~~~~~~~~~~~~~~~~~~~~~~~~[m[K
[2.587s]    21 | [01;31m[K                    }[m[K
[2.587s]       |                     [01;31m[K~[m[K                                     
[2.587s]    22 | [01;31m[K                    else{[m[K
[2.587s]       |                     [01;31m[K~~~~~[m[K                                 
[2.587s]    23 | [01;31m[K                        response->result = Patrol::Response::FAIL;[m[K
[2.587s]       |                         [01;31m[K~~~~~~~~~~~~~~~~~~~~~~~~~~~~~~~~~~~~~~~~~~[m[K
[2.587s]    24 | [01;31m[K                    }[m[K
[2.587s]       |                     [01;31m[K~[m[K                                     
[2.587s]    25 | [01;31m[K                }[m[K
[2.587s]       |                 [01;31m[K~[m[K                                         
[2.587s]    26 | [01;31m[K            )[m[K;
[2.587s]       |             [01;31m[K~[m[K                                             
[2.588s] In file included from [01m[K/opt/ros/humble/include/rclcpp/rclcpp/executors/single_threaded_executor.hpp:28[m[K,
[2.588s]                  from [01m[K/opt/ros/humble/include/rclcpp/rclcpp/executors.hpp:22[m[K,
[2.588s]                  from [01m[K/opt/ros/humble/include/rclcpp/rclcpp/rclcpp.hpp:155[m[K,
[2.588s]                  from [01m[K/home/chairman/working/ros2/learning/chapt4/chapt4_ws/src/demo_cpp_service/src/turtle_control.cpp:2[m[K:
[2.588s] [01m[K/opt/ros/humble/include/rclcpp/rclcpp/node.hpp:267:3:[m[K [01;36m[Knote: [m[Kcandidate: ‚Äò[01m[Ktemplate<class ServiceT, class CallbackT> typename rclcpp::Service<ServiceT>::SharedPtr rclcpp::Node::create_service(const string&, CallbackT&&, const rmw_qos_profile_t&, rclcpp::CallbackGroup::SharedPtr)[m[K‚Äô
[2.588s]   267 |   [01;36m[Kcreate_service[m[K(
[2.588s]       |   [01;36m[K^~~~~~~~~~~~~~[m[K
[2.588s] [01m[K/opt/ros/humble/include/rclcpp/rclcpp/node.hpp:267:3:[m[K [01;36m[Knote: [m[K  template argument deduction/substitution failed:
[2.588s] [01m[K/home/chairman/working/ros2/learning/chapt4/chapt4_ws/src/demo_cpp_service/src/turtle_control.cpp:14:17:[m[K [01;36m[Knote: [m[K  cannot convert ‚Äò[01m[K1953656684[m[K‚Äô (type ‚Äò[01m[Kint[m[K‚Äô) to type ‚Äò[01m[Kconst string&[m[K‚Äô {aka ‚Äò[01m[Kconst std::__cxx11::basic_string<char>&[m[K‚Äô}
[2.588s]    14 |                 [01;36m[K'patrol'[m[K,
[2.588s]       |                 [01;36m[K^~~~~~~~[m[K
[4.066s] gmake[2]: *** [CMakeFiles/turtle_control.dir/build.make:76: CMakeFiles/turtle_control.dir/src/turtle_control.cpp.o] Error 1
[4.066s] gmake[1]: *** [CMakeFiles/Makefile2:137: CMakeFiles/turtle_control.dir/all] Error 2
[4.066s] gmake: *** [Makefile:146: all] Error 2
[4.068s] Invoked command in '/home/chairman/working/ros2/learning/chapt4/chapt4_ws/src/build/demo_cpp_service' returned '2': CMAKE_PREFIX_PATH=${CMAKE_PREFIX_PATH}:/home/chairman/working/ros2/learning/chapt4/chapt4_ws/src/install/demo_python_service:/opt/ros/humble LD_LIBRARY_PATH=/home/chairman/working/ros2/learning/chapt4/chapt4_ws/src/install/chapt4_interfaces/lib:/usr/local/cuda-12.6/lib64:/usr/lib/x86_64-linux-gnu/gazebo-11/plugins:/opt/ros/humble/opt/rviz_ogre_vendor/lib:/opt/ros/humble/lib/x86_64-linux-gnu:/opt/ros/humble/lib:/usr/local/cuda-12.6/lib64 /usr/bin/cmake --build /home/chairman/working/ros2/learning/chapt4/chapt4_ws/src/build/demo_cpp_service -- -j28 -l28
