[0.347s] Invoking command in '/home/chairman/working/ros2/learning/chapt8/chapt8_ws/src/build/nav2_custom_planner': CMAKE_PREFIX_PATH=${CMAKE_PREFIX_PATH}:/home/chairman/working/ros2/learning/chapt8/chapt8_ws/src/install/fishbot_application:/home/chairman/working/ros2/learning/chapt8/chapt8_ws/src/install/autopatrol_robot:/opt/ros/humble /usr/bin/cmake --build /home/chairman/working/ros2/learning/chapt8/chapt8_ws/src/build/nav2_custom_planner -- -j28 -l28
[0.381s] [35m[1mConsolidate compiler generated dependencies of target nav2_custom_planner_plugin[0m
[0.401s] [ 33%] [32mBuilding CXX object CMakeFiles/nav2_custom_planner_plugin.dir/src/custom_controller.cpp.o[0m
[2.327s] [01m[K/home/chairman/working/ros2/learning/chapt8/chapt8_ws/src/nav2_custom_planner/src/custom_controller.cpp:[m[K In member function â€˜[01m[Kvirtual geometry_msgs::msg::TwistStamped nav2_custom_controller::CustomController::computeVelocityCommands(const PoseStamped&, const Twist&, nav2_core::GoalChecker*)[m[Kâ€™:
[2.327s] [01m[K/home/chairman/working/ros2/learning/chapt8/chapt8_ws/src/nav2_custom_planner/src/custom_controller.cpp:37:26:[m[K [01;31m[Kerror: [m[Kâ€˜[01m[KPlannerException[m[Kâ€™ is not a member of â€˜[01m[Knav2_core[m[Kâ€™
[2.328s]    37 |         throw nav2_core::[01;31m[KPlannerException[m[K("Received empty path");
[2.328s]       |                          [01;31m[K^~~~~~~~~~~~~~~~[m[K
[2.328s] [01m[K/home/chairman/working/ros2/learning/chapt8/chapt8_ws/src/nav2_custom_planner/src/custom_controller.cpp:42:26:[m[K [01;31m[Kerror: [m[Kâ€˜[01m[KPlannerException[m[Kâ€™ is not a member of â€˜[01m[Knav2_core[m[Kâ€™
[2.328s]    42 |         throw nav2_core::[01;31m[KPlannerException[m[K("Failed to transform robot pose to global plan frame");
[2.328s]       |                          [01;31m[K^~~~~~~~~~~~~~~~[m[K
[3.156s] [01m[K/home/chairman/working/ros2/learning/chapt8/chapt8_ws/src/nav2_custom_planner/src/custom_controller.cpp:[m[K In member function â€˜[01m[Kgeometry_msgs::msg::PoseStamped nav2_custom_controller::CustomController::getNearestTargetPose(const PoseStamped&)[m[Kâ€™:
[3.156s] [01m[K/home/chairman/working/ros2/learning/chapt8/chapt8_ws/src/nav2_custom_planner/src/custom_controller.cpp:89:5:[m[K [01;35m[Kwarning: [m[Kcontrol reaches end of non-void function [[01;35m[K]8;;https://gcc.gnu.org/onlinedocs/gcc/Warning-Options.html#index-Wreturn-type-Wreturn-type]8;;[m[K]
[3.156s]    89 |     [01;35m[K}[m[K
[3.156s]       |     [01;35m[K^[m[K
[3.180s] gmake[2]: *** [CMakeFiles/nav2_custom_planner_plugin.dir/build.make:90: CMakeFiles/nav2_custom_planner_plugin.dir/src/custom_controller.cpp.o] Error 1
[3.180s] gmake[1]: *** [CMakeFiles/Makefile2:137: CMakeFiles/nav2_custom_planner_plugin.dir/all] Error 2
[3.180s] gmake: *** [Makefile:146: all] Error 2
[3.184s] Invoked command in '/home/chairman/working/ros2/learning/chapt8/chapt8_ws/src/build/nav2_custom_planner' returned '2': CMAKE_PREFIX_PATH=${CMAKE_PREFIX_PATH}:/home/chairman/working/ros2/learning/chapt8/chapt8_ws/src/install/fishbot_application:/home/chairman/working/ros2/learning/chapt8/chapt8_ws/src/install/autopatrol_robot:/opt/ros/humble /usr/bin/cmake --build /home/chairman/working/ros2/learning/chapt8/chapt8_ws/src/build/nav2_custom_planner -- -j28 -l28
