[35m[1mConsolidate compiler generated dependencies of target turtle_control[0m
[ 25%] [32mBuilding CXX object CMakeFiles/turtle_control.dir/src/turtle_control.cpp.o[0m
[ 75%] Built target patrol_client
[01m[K/home/chairman/working/ros2/learning/chapt4/chapt4_ws/src/demo_cpp_service/src/turtle_control.cpp:[m[K In constructor â€˜[01m[KTurtleController::TurtleController()[m[Kâ€™:
[01m[K/home/chairman/working/ros2/learning/chapt4/chapt4_ws/src/demo_cpp_service/src/turtle_control.cpp:34:13:[m[K [01;31m[Kerror: [m[Kâ€˜[01m[Kparameters_callback_handle_[m[Kâ€™ was not declared in this scope; did you mean â€˜[01m[KOnSetParametersCallbackHandle[m[Kâ€™?
   34 |             [01;31m[Kparameters_callback_handle_[m[K = this->add_on_set_parameters_callback(
      |             [01;31m[K^~~~~~~~~~~~~~~~~~~~~~~~~~~[m[K
      |             [32m[KOnSetParametersCallbackHandle[m[K
gmake[2]: *** [CMakeFiles/turtle_control.dir/build.make:76: CMakeFiles/turtle_control.dir/src/turtle_control.cpp.o] Error 1
gmake[1]: *** [CMakeFiles/Makefile2:139: CMakeFiles/turtle_control.dir/all] Error 2
gmake: *** [Makefile:146: all] Error 2
