[01m[K/home/chairman/working/ros2/learning/chapt5/chapt5_ws/src/demo_cpp_tf/src/static_tf_broadcaster.cpp:[m[K In member function â€˜[01m[Kvoid StaticTFBroadcaster::publish_tf()[m[Kâ€™:
[01m[K/home/chairman/working/ros2/learning/chapt5/chapt5_ws/src/demo_cpp_tf/src/static_tf_broadcaster.cpp:19:27:[m[K [01;31m[Kerror: [m[Kâ€˜[01m[Kusing TransformStamped = struct geometry_msgs::msg::TransformStamped_<std::allocator<void> >[m[Kâ€™ {aka â€˜[01m[Kstruct geometry_msgs::msg::TransformStamped_<std::allocator<void> >[m[Kâ€™} has no member named â€˜[01m[Ktranslation[m[Kâ€™
   19 |                 transform.[01;31m[Ktranslation[m[K.x = 5.0;
      |                           [01;31m[K^~~~~~~~~~~[m[K
[01m[K/home/chairman/working/ros2/learning/chapt5/chapt5_ws/src/demo_cpp_tf/src/static_tf_broadcaster.cpp:20:27:[m[K [01;31m[Kerror: [m[Kâ€˜[01m[Kusing TransformStamped = struct geometry_msgs::msg::TransformStamped_<std::allocator<void> >[m[Kâ€™ {aka â€˜[01m[Kstruct geometry_msgs::msg::TransformStamped_<std::allocator<void> >[m[Kâ€™} has no member named â€˜[01m[Ktranslation[m[Kâ€™
   20 |                 transform.[01;31m[Ktranslation[m[K.y = 3.0;
      |                           [01;31m[K^~~~~~~~~~~[m[K
[01m[K/home/chairman/working/ros2/learning/chapt5/chapt5_ws/src/demo_cpp_tf/src/static_tf_broadcaster.cpp:21:27:[m[K [01;31m[Kerror: [m[Kâ€˜[01m[Kusing TransformStamped = struct geometry_msgs::msg::TransformStamped_<std::allocator<void> >[m[Kâ€™ {aka â€˜[01m[Kstruct geometry_msgs::msg::TransformStamped_<std::allocator<void> >[m[Kâ€™} has no member named â€˜[01m[Ktranslation[m[Kâ€™
   21 |                 transform.[01;31m[Ktranslation[m[K.z = 0.0;
      |                           [01;31m[K^~~~~~~~~~~[m[K
[01m[K/home/chairman/working/ros2/learning/chapt5/chapt5_ws/src/demo_cpp_tf/src/static_tf_broadcaster.cpp:24:27:[m[K [01;31m[Kerror: [m[Kâ€˜[01m[Kusing TransformStamped = struct geometry_msgs::msg::TransformStamped_<std::allocator<void> >[m[Kâ€™ {aka â€˜[01m[Kstruct geometry_msgs::msg::TransformStamped_<std::allocator<void> >[m[Kâ€™} has no member named â€˜[01m[Krotation[m[Kâ€™
   24 |                 transform.[01;31m[Krotation[m[K = tf2::toMsg(quat); // è½¬æˆæ¶ˆæ¯æ¥å£ç±»å‹
      |                           [01;31m[K^~~~~~~~[m[K
gmake[2]: *** [CMakeFiles/static_tf_broadcaster.dir/build.make:76: CMakeFiles/static_tf_broadcaster.dir/src/static_tf_broadcaster.cpp.o] Error 1
gmake[1]: *** [CMakeFiles/Makefile2:137: CMakeFiles/static_tf_broadcaster.dir/all] Error 2
gmake: *** [Makefile:146: all] Error 2
