-- The C compiler identification is GNU 11.4.0
-- The CXX compiler identification is GNU 11.4.0
-- Detecting C compiler ABI info
-- Detecting C compiler ABI info - done
-- Check for working C compiler: /usr/bin/cc - skipped
-- Detecting C compile features
-- Detecting C compile features - done
-- Detecting CXX compiler ABI info
-- Detecting CXX compiler ABI info - done
-- Check for working CXX compiler: /usr/bin/c++ - skipped
-- Detecting CXX compile features
-- Detecting CXX compile features - done
-- Found ament_cmake: 1.3.11 (/opt/ros/humble/share/ament_cmake/cmake)
-- Found Python3: /usr/bin/python3 (found version "3.10.12") found components: Interpreter 
-- Found rclcpp: 16.0.12 (/opt/ros/humble/share/rclcpp/cmake)
-- Found rosidl_generator_c: 3.1.6 (/opt/ros/humble/share/rosidl_generator_c/cmake)
-- Found rosidl_adapter: 3.1.6 (/opt/ros/humble/share/rosidl_adapter/cmake)
-- Found rosidl_generator_cpp: 3.1.6 (/opt/ros/humble/share/rosidl_generator_cpp/cmake)
-- Using all available rosidl_typesupport_c: rosidl_typesupport_fastrtps_c;rosidl_typesupport_introspection_c
-- Using all available rosidl_typesupport_cpp: rosidl_typesupport_fastrtps_cpp;rosidl_typesupport_introspection_cpp
-- Found rmw_implementation_cmake: 6.1.2 (/opt/ros/humble/share/rmw_implementation_cmake/cmake)
-- Found rmw_fastrtps_cpp: 6.2.7 (/opt/ros/humble/share/rmw_fastrtps_cpp/cmake)
-- Found OpenSSL: /usr/lib/x86_64-linux-gnu/libcrypto.so (found version "3.0.2")  
-- Found FastRTPS: /opt/ros/humble/include  
-- Using RMW implementation 'rmw_fastrtps_cpp' as default
-- Looking for pthread.h
-- Looking for pthread.h - found
-- Performing Test CMAKE_HAVE_LIBC_PTHREAD
-- Performing Test CMAKE_HAVE_LIBC_PTHREAD - Success
-- Found Threads: TRUE  
-- Found tf2: 0.25.12 (/opt/ros/humble/share/tf2/cmake)
-- Found tf2_ros: 0.25.12 (/opt/ros/humble/share/tf2_ros/cmake)
-- Found tf2_geometry_msgs: 0.25.12 (/opt/ros/humble/share/tf2_geometry_msgs/cmake)
-- Found eigen3_cmake_module: 0.1.1 (/opt/ros/humble/share/eigen3_cmake_module/cmake)
-- Found Eigen3: TRUE (found version "3.4.0") 
-- Ensuring Eigen3 include directory is part of orocos-kdl CMake target
-- Found ament_lint_auto: 0.12.12 (/opt/ros/humble/share/ament_lint_auto/cmake)
-- Added test 'cppcheck' to perform static code analysis on C / C++ code
-- Configured cppcheck include dirs: 
-- Configured cppcheck exclude dirs and/or files: 
-- Added test 'lint_cmake' to check CMake code style
-- Added test 'uncrustify' to check C / C++ code style
-- Configured uncrustify additional arguments: 
-- Added test 'xmllint' to check XML markup files
-- Configuring done
-- Generating done
-- Build files have been written to: /home/chairman/working/ros2/learning/chapt5/chapt5_ws/src/build/demo_cpp_tf
[ 50%] [32mBuilding CXX object CMakeFiles/static_tf_broadcaster.dir/src/static_tf_broadcaster.cpp.o[0m
[01m[K/home/chairman/working/ros2/learning/chapt5/chapt5_ws/src/demo_cpp_tf/src/static_tf_broadcaster.cpp:[m[K In member function ‚Äò[01m[Kvoid StaticTFBroadcaster::publish_tf()[m[K‚Äô:
[01m[K/home/chairman/working/ros2/learning/chapt5/chapt5_ws/src/demo_cpp_tf/src/static_tf_broadcaster.cpp:19:27:[m[K [01;31m[Kerror: [m[K‚Äò[01m[Kusing TransformStamped = struct geometry_msgs::msg::TransformStamped_<std::allocator<void> >[m[K‚Äô {aka ‚Äò[01m[Kstruct geometry_msgs::msg::TransformStamped_<std::allocator<void> >[m[K‚Äô} has no member named ‚Äò[01m[Ktranslation[m[K‚Äô
   19 |                 transform.[01;31m[Ktranslation[m[K.x = 5.0;
      |                           [01;31m[K^~~~~~~~~~~[m[K
[01m[K/home/chairman/working/ros2/learning/chapt5/chapt5_ws/src/demo_cpp_tf/src/static_tf_broadcaster.cpp:20:27:[m[K [01;31m[Kerror: [m[K‚Äò[01m[Kusing TransformStamped = struct geometry_msgs::msg::TransformStamped_<std::allocator<void> >[m[K‚Äô {aka ‚Äò[01m[Kstruct geometry_msgs::msg::TransformStamped_<std::allocator<void> >[m[K‚Äô} has no member named ‚Äò[01m[Ktranslation[m[K‚Äô
   20 |                 transform.[01;31m[Ktranslation[m[K.y = 3.0;
      |                           [01;31m[K^~~~~~~~~~~[m[K
[01m[K/home/chairman/working/ros2/learning/chapt5/chapt5_ws/src/demo_cpp_tf/src/static_tf_broadcaster.cpp:21:27:[m[K [01;31m[Kerror: [m[K‚Äò[01m[Kusing TransformStamped = struct geometry_msgs::msg::TransformStamped_<std::allocator<void> >[m[K‚Äô {aka ‚Äò[01m[Kstruct geometry_msgs::msg::TransformStamped_<std::allocator<void> >[m[K‚Äô} has no member named ‚Äò[01m[Ktranslation[m[K‚Äô
   21 |                 transform.[01;31m[Ktranslation[m[K.z = 0.0;
      |                           [01;31m[K^~~~~~~~~~~[m[K
[01m[K/home/chairman/working/ros2/learning/chapt5/chapt5_ws/src/demo_cpp_tf/src/static_tf_broadcaster.cpp:24:27:[m[K [01;31m[Kerror: [m[K‚Äò[01m[Kusing TransformStamped = struct geometry_msgs::msg::TransformStamped_<std::allocator<void> >[m[K‚Äô {aka ‚Äò[01m[Kstruct geometry_msgs::msg::TransformStamped_<std::allocator<void> >[m[K‚Äô} has no member named ‚Äò[01m[Krotation[m[K‚Äô
   24 |                 transform.[01;31m[Krotation[m[K = tf2::toMsg(quat); // ËΩ¨ÊàêÊ∂àÊÅØÊé•Âè£Á±ªÂûã
      |                           [01;31m[K^~~~~~~~[m[K
gmake[2]: *** [CMakeFiles/static_tf_broadcaster.dir/build.make:76: CMakeFiles/static_tf_broadcaster.dir/src/static_tf_broadcaster.cpp.o] Error 1
gmake[1]: *** [CMakeFiles/Makefile2:137: CMakeFiles/static_tf_broadcaster.dir/all] Error 2
gmake: *** [Makefile:146: all] Error 2
