[0.009s] Invoking command in '/home/chairman/working/ros2/learning/chapt5/chapt5_ws/src/build/demo_cpp_tf': CMAKE_PREFIX_PATH=/home/chairman/working/ros2/learning/chapt5/chapt5_ws/src/install/demo_python_tf:/opt/ros/humble /usr/bin/cmake /home/chairman/working/ros2/learning/chapt5/chapt5_ws/src/demo_cpp_tf -DCMAKE_INSTALL_PREFIX=/home/chairman/working/ros2/learning/chapt5/chapt5_ws/src/install/demo_cpp_tf
[0.067s] -- The C compiler identification is GNU 11.4.0
[0.111s] -- The CXX compiler identification is GNU 11.4.0
[0.119s] -- Detecting C compiler ABI info
[0.180s] -- Detecting C compiler ABI info - done
[0.185s] -- Check for working C compiler: /usr/bin/cc - skipped
[0.185s] -- Detecting C compile features
[0.185s] -- Detecting C compile features - done
[0.188s] -- Detecting CXX compiler ABI info
[0.251s] -- Detecting CXX compiler ABI info - done
[0.257s] -- Check for working CXX compiler: /usr/bin/c++ - skipped
[0.257s] -- Detecting CXX compile features
[0.257s] -- Detecting CXX compile features - done
[0.261s] -- Found ament_cmake: 1.3.11 (/opt/ros/humble/share/ament_cmake/cmake)
[0.374s] -- Found Python3: /usr/bin/python3 (found version "3.10.12") found components: Interpreter 
[0.448s] -- Found rclcpp: 16.0.12 (/opt/ros/humble/share/rclcpp/cmake)
[0.484s] -- Found rosidl_generator_c: 3.1.6 (/opt/ros/humble/share/rosidl_generator_c/cmake)
[0.488s] -- Found rosidl_adapter: 3.1.6 (/opt/ros/humble/share/rosidl_adapter/cmake)
[0.495s] -- Found rosidl_generator_cpp: 3.1.6 (/opt/ros/humble/share/rosidl_generator_cpp/cmake)
[0.506s] -- Using all available rosidl_typesupport_c: rosidl_typesupport_fastrtps_c;rosidl_typesupport_introspection_c
[0.521s] -- Using all available rosidl_typesupport_cpp: rosidl_typesupport_fastrtps_cpp;rosidl_typesupport_introspection_cpp
[0.559s] -- Found rmw_implementation_cmake: 6.1.2 (/opt/ros/humble/share/rmw_implementation_cmake/cmake)
[0.561s] -- Found rmw_fastrtps_cpp: 6.2.7 (/opt/ros/humble/share/rmw_fastrtps_cpp/cmake)
[0.672s] -- Found OpenSSL: /usr/lib/x86_64-linux-gnu/libcrypto.so (found version "3.0.2")  
[0.705s] -- Found FastRTPS: /opt/ros/humble/include  
[0.740s] -- Using RMW implementation 'rmw_fastrtps_cpp' as default
[0.748s] -- Looking for pthread.h
[0.848s] -- Looking for pthread.h - found
[0.849s] -- Performing Test CMAKE_HAVE_LIBC_PTHREAD
[0.947s] -- Performing Test CMAKE_HAVE_LIBC_PTHREAD - Success
[0.948s] -- Found Threads: TRUE  
[0.999s] -- Found tf2: 0.25.12 (/opt/ros/humble/share/tf2/cmake)
[1.022s] -- Found tf2_ros: 0.25.12 (/opt/ros/humble/share/tf2_ros/cmake)
[1.093s] -- Found tf2_geometry_msgs: 0.25.12 (/opt/ros/humble/share/tf2_geometry_msgs/cmake)
[1.104s] -- Found eigen3_cmake_module: 0.1.1 (/opt/ros/humble/share/eigen3_cmake_module/cmake)
[1.105s] -- Found Eigen3: TRUE (found version "3.4.0") 
[1.105s] -- Ensuring Eigen3 include directory is part of orocos-kdl CMake target
[1.108s] -- Found ament_lint_auto: 0.12.12 (/opt/ros/humble/share/ament_lint_auto/cmake)
[1.167s] -- Added test 'cppcheck' to perform static code analysis on C / C++ code
[1.167s] -- Configured cppcheck include dirs: 
[1.167s] -- Configured cppcheck exclude dirs and/or files: 
[1.168s] -- Added test 'lint_cmake' to check CMake code style
[1.169s] -- Added test 'uncrustify' to check C / C++ code style
[1.169s] -- Configured uncrustify additional arguments: 
[1.169s] -- Added test 'xmllint' to check XML markup files
[1.170s] -- Configuring done
[1.178s] -- Generating done
[1.180s] -- Build files have been written to: /home/chairman/working/ros2/learning/chapt5/chapt5_ws/src/build/demo_cpp_tf
[1.187s] Invoked command in '/home/chairman/working/ros2/learning/chapt5/chapt5_ws/src/build/demo_cpp_tf' returned '0': CMAKE_PREFIX_PATH=/home/chairman/working/ros2/learning/chapt5/chapt5_ws/src/install/demo_python_tf:/opt/ros/humble /usr/bin/cmake /home/chairman/working/ros2/learning/chapt5/chapt5_ws/src/demo_cpp_tf -DCMAKE_INSTALL_PREFIX=/home/chairman/working/ros2/learning/chapt5/chapt5_ws/src/install/demo_cpp_tf
[1.188s] Invoking command in '/home/chairman/working/ros2/learning/chapt5/chapt5_ws/src/build/demo_cpp_tf': CMAKE_PREFIX_PATH=/home/chairman/working/ros2/learning/chapt5/chapt5_ws/src/install/demo_python_tf:/opt/ros/humble /usr/bin/cmake --build /home/chairman/working/ros2/learning/chapt5/chapt5_ws/src/build/demo_cpp_tf -- -j28 -l28
[1.241s] [ 50%] [32mBuilding CXX object CMakeFiles/static_tf_broadcaster.dir/src/static_tf_broadcaster.cpp.o[0m
[2.705s] [01m[K/home/chairman/working/ros2/learning/chapt5/chapt5_ws/src/demo_cpp_tf/src/static_tf_broadcaster.cpp:[m[K In member function ‚Äò[01m[Kvoid StaticTFBroadcaster::publish_tf()[m[K‚Äô:
[2.705s] [01m[K/home/chairman/working/ros2/learning/chapt5/chapt5_ws/src/demo_cpp_tf/src/static_tf_broadcaster.cpp:19:27:[m[K [01;31m[Kerror: [m[K‚Äò[01m[Kusing TransformStamped = struct geometry_msgs::msg::TransformStamped_<std::allocator<void> >[m[K‚Äô {aka ‚Äò[01m[Kstruct geometry_msgs::msg::TransformStamped_<std::allocator<void> >[m[K‚Äô} has no member named ‚Äò[01m[Ktranslation[m[K‚Äô
[2.705s]    19 |                 transform.[01;31m[Ktranslation[m[K.x = 5.0;
[2.705s]       |                           [01;31m[K^~~~~~~~~~~[m[K
[2.705s] [01m[K/home/chairman/working/ros2/learning/chapt5/chapt5_ws/src/demo_cpp_tf/src/static_tf_broadcaster.cpp:20:27:[m[K [01;31m[Kerror: [m[K‚Äò[01m[Kusing TransformStamped = struct geometry_msgs::msg::TransformStamped_<std::allocator<void> >[m[K‚Äô {aka ‚Äò[01m[Kstruct geometry_msgs::msg::TransformStamped_<std::allocator<void> >[m[K‚Äô} has no member named ‚Äò[01m[Ktranslation[m[K‚Äô
[2.706s]    20 |                 transform.[01;31m[Ktranslation[m[K.y = 3.0;
[2.706s]       |                           [01;31m[K^~~~~~~~~~~[m[K
[2.706s] [01m[K/home/chairman/working/ros2/learning/chapt5/chapt5_ws/src/demo_cpp_tf/src/static_tf_broadcaster.cpp:21:27:[m[K [01;31m[Kerror: [m[K‚Äò[01m[Kusing TransformStamped = struct geometry_msgs::msg::TransformStamped_<std::allocator<void> >[m[K‚Äô {aka ‚Äò[01m[Kstruct geometry_msgs::msg::TransformStamped_<std::allocator<void> >[m[K‚Äô} has no member named ‚Äò[01m[Ktranslation[m[K‚Äô
[2.706s]    21 |                 transform.[01;31m[Ktranslation[m[K.z = 0.0;
[2.706s]       |                           [01;31m[K^~~~~~~~~~~[m[K
[2.706s] [01m[K/home/chairman/working/ros2/learning/chapt5/chapt5_ws/src/demo_cpp_tf/src/static_tf_broadcaster.cpp:24:27:[m[K [01;31m[Kerror: [m[K‚Äò[01m[Kusing TransformStamped = struct geometry_msgs::msg::TransformStamped_<std::allocator<void> >[m[K‚Äô {aka ‚Äò[01m[Kstruct geometry_msgs::msg::TransformStamped_<std::allocator<void> >[m[K‚Äô} has no member named ‚Äò[01m[Krotation[m[K‚Äô
[2.706s]    24 |                 transform.[01;31m[Krotation[m[K = tf2::toMsg(quat); // ËΩ¨ÊàêÊ∂àÊÅØÊé•Âè£Á±ªÂûã
[2.706s]       |                           [01;31m[K^~~~~~~~[m[K
[3.149s] gmake[2]: *** [CMakeFiles/static_tf_broadcaster.dir/build.make:76: CMakeFiles/static_tf_broadcaster.dir/src/static_tf_broadcaster.cpp.o] Error 1
[3.149s] gmake[1]: *** [CMakeFiles/Makefile2:137: CMakeFiles/static_tf_broadcaster.dir/all] Error 2
[3.149s] gmake: *** [Makefile:146: all] Error 2
[3.151s] Invoked command in '/home/chairman/working/ros2/learning/chapt5/chapt5_ws/src/build/demo_cpp_tf' returned '2': CMAKE_PREFIX_PATH=/home/chairman/working/ros2/learning/chapt5/chapt5_ws/src/install/demo_python_tf:/opt/ros/humble /usr/bin/cmake --build /home/chairman/working/ros2/learning/chapt5/chapt5_ws/src/build/demo_cpp_tf -- -j28 -l28
