[35m[1mConsolidate compiler generated dependencies of target turtle_control[0m
[ 50%] [32mBuilding CXX object CMakeFiles/turtle_control.dir/src/turtle_control.cpp.o[0m
[01m[K/home/chairman/working/ros2/learning/chapt4/chapt4_ws/src/demo_cpp_service/src/turtle_control.cpp:14:17:[m[K [01;35m[Kwarning: [m[Kcharacter constant too long for its type
   14 |                 [01;35m[K'patrol'[m[K,
      |                 [01;35m[K^~~~~~~~[m[K
[01m[K/home/chairman/working/ros2/learning/chapt4/chapt4_ws/src/demo_cpp_service/src/turtle_control.cpp:[m[K In constructor ‚Äò[01m[KTurtleController::TurtleController()[m[K‚Äô:
[01m[K/home/chairman/working/ros2/learning/chapt4/chapt4_ws/src/demo_cpp_service/src/turtle_control.cpp:13:58:[m[K [01;31m[Kerror: [m[Kno matching function for call to ‚Äò[01m[KTurtleController::create_service<Patrol>(int, TurtleController::TurtleController()::<lambda(std::shared_ptr<chapt4_interfaces::srv::Patrol_Request_<std::allocator<void> > >, std::shared_ptr<chapt4_interfaces::srv::Patrol_Response_<std::allocator<void> > >)>)[m[K‚Äô
   13 |             patrol_server_ = [01;31m[Kthis->create_service<Patrol>([m[K
      |                              [01;31m[K~~~~~~~~~~~~~~~~~~~~~~~~~~~~^[m[K
   14 | [01;31m[K                'patrol',[m[K
      |                 [01;31m[K~~~~~~~~~[m[K                                 
   15 | [01;31m[K                [&](const std::shared_ptr<Patrol::Request> request, const std::shared_ptr<Patrol::Response> response) -> void{[m[K
      |                 [01;31m[K~~~~~~~~~~~~~~~~~~~~~~~~~~~~~~~~~~~~~~~~~~~~~~~~~~~~~~~~~~~~~~~~~~~~~~~~~~~~~~~~~~~~~~~~~~~~~~~~~~~~~~~~~~~~~~[m[K
   16 | [01;31m[K                    // Âà§Êñ≠ÈÄªËæëÁÇπÊòØÂê¶Âú®Ê®°ÊãüÂô®ËæπÁïåÂÜÖ[m[K
      |                     [01;31m[K~~~~~~~~~~~~~~~~~~~~~~~~~~~~~~~[m[K       
   17 | [01;31m[K                    if((0 < request->target_x && request->target_x < 12.0f) && (0 < request->target_y && request->target_y < 12.0f)){[m[K
      |                     [01;31m[K~~~~~~~~~~~~~~~~~~~~~~~~~~~~~~~~~~~~~~~~~~~~~~~~~~~~~~~~~~~~~~~~~~~~~~~~~~~~~~~~~~~~~~~~~~~~~~~~~~~~~~~~~~~~~~~~~[m[K
   18 | [01;31m[K                        target_x_ = request->target_x;[m[K
      |                         [01;31m[K~~~~~~~~~~~~~~~~~~~~~~~~~~~~~~[m[K    
   19 | [01;31m[K                        target_y_ = request->target_y;[m[K
      |                         [01;31m[K~~~~~~~~~~~~~~~~~~~~~~~~~~~~~~[m[K    
   20 | [01;31m[K                        response->result = Patrol::Response::SUCCESS;[m[K
      |                         [01;31m[K~~~~~~~~~~~~~~~~~~~~~~~~~~~~~~~~~~~~~~~~~~~~~[m[K
   21 | [01;31m[K                    }[m[K
      |                     [01;31m[K~[m[K                                     
   22 | [01;31m[K                    else{[m[K
      |                     [01;31m[K~~~~~[m[K                                 
   23 | [01;31m[K                        response->result = Patrol::Response::FAIL;[m[K
      |                         [01;31m[K~~~~~~~~~~~~~~~~~~~~~~~~~~~~~~~~~~~~~~~~~~[m[K
   24 | [01;31m[K                    }[m[K
      |                     [01;31m[K~[m[K                                     
   25 | [01;31m[K                }[m[K
      |                 [01;31m[K~[m[K                                         
   26 | [01;31m[K            )[m[K;
      |             [01;31m[K~[m[K                                             
In file included from [01m[K/opt/ros/humble/include/rclcpp/rclcpp/executors/single_threaded_executor.hpp:28[m[K,
                 from [01m[K/opt/ros/humble/include/rclcpp/rclcpp/executors.hpp:22[m[K,
                 from [01m[K/opt/ros/humble/include/rclcpp/rclcpp/rclcpp.hpp:155[m[K,
                 from [01m[K/home/chairman/working/ros2/learning/chapt4/chapt4_ws/src/demo_cpp_service/src/turtle_control.cpp:2[m[K:
[01m[K/opt/ros/humble/include/rclcpp/rclcpp/node.hpp:267:3:[m[K [01;36m[Knote: [m[Kcandidate: ‚Äò[01m[Ktemplate<class ServiceT, class CallbackT> typename rclcpp::Service<ServiceT>::SharedPtr rclcpp::Node::create_service(const string&, CallbackT&&, const rmw_qos_profile_t&, rclcpp::CallbackGroup::SharedPtr)[m[K‚Äô
  267 |   [01;36m[Kcreate_service[m[K(
      |   [01;36m[K^~~~~~~~~~~~~~[m[K
[01m[K/opt/ros/humble/include/rclcpp/rclcpp/node.hpp:267:3:[m[K [01;36m[Knote: [m[K  template argument deduction/substitution failed:
[01m[K/home/chairman/working/ros2/learning/chapt4/chapt4_ws/src/demo_cpp_service/src/turtle_control.cpp:14:17:[m[K [01;36m[Knote: [m[K  cannot convert ‚Äò[01m[K1953656684[m[K‚Äô (type ‚Äò[01m[Kint[m[K‚Äô) to type ‚Äò[01m[Kconst string&[m[K‚Äô {aka ‚Äò[01m[Kconst std::__cxx11::basic_string<char>&[m[K‚Äô}
   14 |                 [01;36m[K'patrol'[m[K,
      |                 [01;36m[K^~~~~~~~[m[K
gmake[2]: *** [CMakeFiles/turtle_control.dir/build.make:76: CMakeFiles/turtle_control.dir/src/turtle_control.cpp.o] Error 1
gmake[1]: *** [CMakeFiles/Makefile2:137: CMakeFiles/turtle_control.dir/all] Error 2
gmake: *** [Makefile:146: all] Error 2
