-- Found ament_cmake: 1.3.11 (/opt/ros/humble/share/ament_cmake/cmake)
-- Found chapt4_interfaces: 0.0.0 (/home/chairman/working/ros2/learning/chapt4/chapt4_ws/src/install/chapt4_interfaces/share/chapt4_interfaces/cmake)
-- Found rosidl_generator_c: 3.1.6 (/opt/ros/humble/share/rosidl_generator_c/cmake)
-- Found rosidl_adapter: 3.1.6 (/opt/ros/humble/share/rosidl_adapter/cmake)
-- Found rosidl_generator_cpp: 3.1.6 (/opt/ros/humble/share/rosidl_generator_cpp/cmake)
-- Using all available rosidl_typesupport_c: rosidl_typesupport_fastrtps_c;rosidl_typesupport_introspection_c
-- Using all available rosidl_typesupport_cpp: rosidl_typesupport_fastrtps_cpp;rosidl_typesupport_introspection_cpp
-- Found rclcpp: 16.0.12 (/opt/ros/humble/share/rclcpp/cmake)
-- Found rmw_implementation_cmake: 6.1.2 (/opt/ros/humble/share/rmw_implementation_cmake/cmake)
-- Found rmw_fastrtps_cpp: 6.2.7 (/opt/ros/humble/share/rmw_fastrtps_cpp/cmake)
-- Using RMW implementation 'rmw_fastrtps_cpp' as default
-- Found turtlesim: 1.4.2 (/opt/ros/humble/share/turtlesim/cmake)
-- Found ament_lint_auto: 0.12.12 (/opt/ros/humble/share/ament_lint_auto/cmake)
-- Added test 'cppcheck' to perform static code analysis on C / C++ code
-- Configured cppcheck include dirs: 
-- Configured cppcheck exclude dirs and/or files: 
-- Added test 'lint_cmake' to check CMake code style
-- Added test 'uncrustify' to check C / C++ code style
-- Configured uncrustify additional arguments: 
-- Added test 'xmllint' to check XML markup files
-- Configuring done
-- Generating done
-- Build files have been written to: /home/chairman/working/ros2/learning/chapt4/chapt4_ws/src/build/demo_cpp_service
[35m[1mConsolidate compiler generated dependencies of target turtle_control[0m
[ 25%] [32mBuilding CXX object CMakeFiles/patrol_client.dir/src/patrol_client.cpp.o[0m
[ 75%] Built target turtle_control
[01m[K/home/chairman/working/ros2/learning/chapt4/chapt4_ws/src/demo_cpp_service/src/patrol_client.cpp:20:46:[m[K [01;35m[Kwarning: [m[Kcharacter constant too long for its type
   20 |             RCLCPP__ERROR(this->get_logger(),[01;35m[K'ç­‰å¾…æœåŠ¡çš„è¿‡ç¨‹ä¸­è¢«æ‰“æ–­ ...'[m[K);
      |                                              [01;35m[K^~~~~~~~~~~~~~~~~~~~~~~~~~~~[m[K
[01m[K/home/chairman/working/ros2/learning/chapt4/chapt4_ws/src/demo_cpp_service/src/patrol_client.cpp:49:2:[m[K [01;31m[Kerror: [m[Kexpected â€˜[01m[K}[m[Kâ€™ at end of input
   49 | }
      |  [01;31m[K^[m[K
[01m[K/home/chairman/working/ros2/learning/chapt4/chapt4_ws/src/demo_cpp_service/src/patrol_client.cpp:8:42:[m[K [01;36m[Knote: [m[Kto match this â€˜[01m[K{[m[Kâ€™
    8 | class PatrolClient : public rclcpp::Node [01;36m[K{[m[K
      |                                          [01;36m[K^[m[K
[01m[K/home/chairman/working/ros2/learning/chapt4/chapt4_ws/src/demo_cpp_service/src/patrol_client.cpp:[m[K In constructor â€˜[01m[KPatrolClient::PatrolClient()[m[Kâ€™:
[01m[K/home/chairman/working/ros2/learning/chapt4/chapt4_ws/src/demo_cpp_service/src/patrol_client.cpp:11:5:[m[K [01;31m[Kerror: [m[Kâ€˜[01m[Kpatrol_client_[m[Kâ€™ was not declared in this scope; did you mean â€˜[01m[KPatrolClient[m[Kâ€™?
   11 |     [01;31m[Kpatrol_client_[m[K = this->create_client<Patrol>("patrol");
      |     [01;31m[K^~~~~~~~~~~~~~[m[K
      |     [32m[KPatrolClient[m[K
[01m[K/home/chairman/working/ros2/learning/chapt4/chapt4_ws/src/demo_cpp_service/src/patrol_client.cpp:12:5:[m[K [01;31m[Kerror: [m[Kâ€˜[01m[Ktimer_[m[Kâ€™ was not declared in this scope; did you mean â€˜[01m[Ktimer_t[m[Kâ€™?
   12 |     [01;31m[Ktimer_[m[K = this->create_wall_timer(10s, std::bind(&PatrolClient::timer_callback, this));
      |     [01;31m[K^~~~~~[m[K
      |     [32m[Ktimer_t[m[K
[01m[K/home/chairman/working/ros2/learning/chapt4/chapt4_ws/src/demo_cpp_service/src/patrol_client.cpp:[m[K In member function â€˜[01m[Kvoid PatrolClient::timer_callback()[m[Kâ€™:
[01m[K/home/chairman/working/ros2/learning/chapt4/chapt4_ws/src/demo_cpp_service/src/patrol_client.cpp:17:13:[m[K [01;31m[Kerror: [m[Kâ€˜[01m[Kpatrol_client_[m[Kâ€™ was not declared in this scope; did you mean â€˜[01m[KPatrolClient[m[Kâ€™?
   17 |     while (![01;31m[Kpatrol_client_[m[K->wait_for_service(std::chrono::seconds(1))){
      |             [01;31m[K^~~~~~~~~~~~~~[m[K
      |             [32m[KPatrolClient[m[K
[01m[K/home/chairman/working/ros2/learning/chapt4/chapt4_ws/src/demo_cpp_service/src/patrol_client.cpp:20:13:[m[K [01;31m[Kerror: [m[Kâ€˜[01m[KRCLCPP__ERROR[m[Kâ€™ was not declared in this scope; did you mean â€˜[01m[KRCLCPP_ERROR[m[Kâ€™?
   20 |             [01;31m[KRCLCPP__ERROR[m[K(this->get_logger(),'ç­‰å¾…æœåŠ¡çš„è¿‡ç¨‹ä¸­è¢«æ‰“æ–­ ...');
      |             [01;31m[K^~~~~~~~~~~~~[m[K
      |             [32m[KRCLCPP_ERROR[m[K
[01m[K/home/chairman/working/ros2/learning/chapt4/chapt4_ws/src/demo_cpp_service/src/patrol_client.cpp:[m[K In lambda function:
[01m[K/home/chairman/working/ros2/learning/chapt4/chapt4_ws/src/demo_cpp_service/src/patrol_client.cpp:37:10:[m[K [01;31m[Kerror: [m[Kexpected primary-expression before â€˜[01m[K)[m[Kâ€™ token
   37 |         }[01;31m[K)[m[K;
      |          [01;31m[K^[m[K
[01m[K/home/chairman/working/ros2/learning/chapt4/chapt4_ws/src/demo_cpp_service/src/patrol_client.cpp:[m[K In member function â€˜[01m[Kvoid PatrolClient::timer_callback()[m[Kâ€™:
[01m[K/home/chairman/working/ros2/learning/chapt4/chapt4_ws/src/demo_cpp_service/src/patrol_client.cpp:39:1:[m[K [01;31m[Kerror: [m[Kexpected â€˜[01m[K)[m[Kâ€™ before â€˜[01m[Kprivate[m[Kâ€™
   39 | [01;31m[Kprivate[m[K:
      | [01;31m[K^~~~~~~[m[K
[01m[K/home/chairman/working/ros2/learning/chapt4/chapt4_ws/src/demo_cpp_service/src/patrol_client.cpp:29:39:[m[K [01;36m[Knote: [m[Kto match this â€˜[01m[K([m[Kâ€™
   29 |     patrol_client_->async_send_request[01;36m[K([m[Krequest,
      |                                       [01;36m[K^[m[K
[01m[K/home/chairman/working/ros2/learning/chapt4/chapt4_ws/src/demo_cpp_service/src/patrol_client.cpp:43:33:[m[K [01;31m[Kerror: [m[Ka function-definition is not allowed here before â€˜[01m[K{[m[Kâ€™ token
   43 | int main(int argc, char **argv) [01;31m[K{[m[K
      |                                 [01;31m[K^[m[K
[01m[K/home/chairman/working/ros2/learning/chapt4/chapt4_ws/src/demo_cpp_service/src/patrol_client.cpp:49:2:[m[K [01;31m[Kerror: [m[Kexpected â€˜[01m[K}[m[Kâ€™ at end of input
   49 | }
      |  [01;31m[K^[m[K
[01m[K/home/chairman/working/ros2/learning/chapt4/chapt4_ws/src/demo_cpp_service/src/patrol_client.cpp:15:25:[m[K [01;36m[Knote: [m[Kto match this â€˜[01m[K{[m[Kâ€™
   15 |   void timer_callback() [01;36m[K{[m[K
      |                         [01;36m[K^[m[K
[01m[K/home/chairman/working/ros2/learning/chapt4/chapt4_ws/src/demo_cpp_service/src/patrol_client.cpp:[m[K At global scope:
[01m[K/home/chairman/working/ros2/learning/chapt4/chapt4_ws/src/demo_cpp_service/src/patrol_client.cpp:49:2:[m[K [01;31m[Kerror: [m[Kexpected unqualified-id at end of input
   49 | }
      |  [01;31m[K^[m[K
gmake[2]: *** [CMakeFiles/patrol_client.dir/build.make:76: CMakeFiles/patrol_client.dir/src/patrol_client.cpp.o] Error 1
gmake[1]: *** [CMakeFiles/Makefile2:165: CMakeFiles/patrol_client.dir/all] Error 2
gmake: *** [Makefile:146: all] Error 2
