[0.010s] Invoking command in '/home/chairman/working/ros2/learning/chapt4/chapt4_ws/src/build/demo_cpp_service': CMAKE_PREFIX_PATH=/home/chairman/working/ros2/learning/chapt4/chapt4_ws/src/install/chapt4_interfaces:/home/chairman/working/ros2/learning/chapt4/chapt4_ws/src/install/demo_cpp_service:/home/chairman/working/ros2/learning/chapt4/chapt4_ws/src/install/demo_python_service:/opt/ros/humble LD_LIBRARY_PATH=/home/chairman/working/ros2/learning/chapt4/chapt4_ws/src/install/chapt4_interfaces/lib:/usr/local/cuda-12.6/lib64:/usr/lib/x86_64-linux-gnu/gazebo-11/plugins:/opt/ros/humble/opt/rviz_ogre_vendor/lib:/opt/ros/humble/lib/x86_64-linux-gnu:/opt/ros/humble/lib:/usr/local/cuda-12.6/lib64 /usr/bin/cmake --build /home/chairman/working/ros2/learning/chapt4/chapt4_ws/src/build/demo_cpp_service -- -j28 -l28
[0.027s] -- Found ament_cmake: 1.3.11 (/opt/ros/humble/share/ament_cmake/cmake)
[0.119s] -- Found chapt4_interfaces: 0.0.0 (/home/chairman/working/ros2/learning/chapt4/chapt4_ws/src/install/chapt4_interfaces/share/chapt4_interfaces/cmake)
[0.134s] -- Found rosidl_generator_c: 3.1.6 (/opt/ros/humble/share/rosidl_generator_c/cmake)
[0.136s] -- Found rosidl_adapter: 3.1.6 (/opt/ros/humble/share/rosidl_adapter/cmake)
[0.139s] -- Found rosidl_generator_cpp: 3.1.6 (/opt/ros/humble/share/rosidl_generator_cpp/cmake)
[0.146s] -- Using all available rosidl_typesupport_c: rosidl_typesupport_fastrtps_c;rosidl_typesupport_introspection_c
[0.155s] -- Using all available rosidl_typesupport_cpp: rosidl_typesupport_fastrtps_cpp;rosidl_typesupport_introspection_cpp
[0.200s] -- Found rclcpp: 16.0.12 (/opt/ros/humble/share/rclcpp/cmake)
[0.216s] -- Found rmw_implementation_cmake: 6.1.2 (/opt/ros/humble/share/rmw_implementation_cmake/cmake)
[0.217s] -- Found rmw_fastrtps_cpp: 6.2.7 (/opt/ros/humble/share/rmw_fastrtps_cpp/cmake)
[0.291s] -- Using RMW implementation 'rmw_fastrtps_cpp' as default
[0.315s] -- Found turtlesim: 1.4.2 (/opt/ros/humble/share/turtlesim/cmake)
[0.339s] -- Found ament_lint_auto: 0.12.12 (/opt/ros/humble/share/ament_lint_auto/cmake)
[0.385s] -- Added test 'cppcheck' to perform static code analysis on C / C++ code
[0.386s] -- Configured cppcheck include dirs: 
[0.386s] -- Configured cppcheck exclude dirs and/or files: 
[0.386s] -- Added test 'lint_cmake' to check CMake code style
[0.387s] -- Added test 'uncrustify' to check C / C++ code style
[0.387s] -- Configured uncrustify additional arguments: 
[0.387s] -- Added test 'xmllint' to check XML markup files
[0.388s] -- Configuring done
[0.398s] -- Generating done
[0.402s] -- Build files have been written to: /home/chairman/working/ros2/learning/chapt4/chapt4_ws/src/build/demo_cpp_service
[0.422s] [35m[1mConsolidate compiler generated dependencies of target turtle_control[0m
[0.431s] [ 25%] [32mBuilding CXX object CMakeFiles/patrol_client.dir/src/patrol_client.cpp.o[0m
[0.435s] [ 75%] Built target turtle_control
[0.609s] [01m[K/home/chairman/working/ros2/learning/chapt4/chapt4_ws/src/demo_cpp_service/src/patrol_client.cpp:20:46:[m[K [01;35m[Kwarning: [m[Kcharacter constant too long for its type
[0.609s]    20 |             RCLCPP__ERROR(this->get_logger(),[01;35m[K'ç­‰å¾…æœåŠ¡çš„è¿‡ç¨‹ä¸­è¢«æ‰“æ–­ ...'[m[K);
[0.609s]       |                                              [01;35m[K^~~~~~~~~~~~~~~~~~~~~~~~~~~~[m[K
[1.787s] [01m[K/home/chairman/working/ros2/learning/chapt4/chapt4_ws/src/demo_cpp_service/src/patrol_client.cpp:49:2:[m[K [01;31m[Kerror: [m[Kexpected â€˜[01m[K}[m[Kâ€™ at end of input
[1.787s]    49 | }
[1.787s]       |  [01;31m[K^[m[K
[1.787s] [01m[K/home/chairman/working/ros2/learning/chapt4/chapt4_ws/src/demo_cpp_service/src/patrol_client.cpp:8:42:[m[K [01;36m[Knote: [m[Kto match this â€˜[01m[K{[m[Kâ€™
[1.787s]     8 | class PatrolClient : public rclcpp::Node [01;36m[K{[m[K
[1.787s]       |                                          [01;36m[K^[m[K
[1.794s] [01m[K/home/chairman/working/ros2/learning/chapt4/chapt4_ws/src/demo_cpp_service/src/patrol_client.cpp:[m[K In constructor â€˜[01m[KPatrolClient::PatrolClient()[m[Kâ€™:
[1.795s] [01m[K/home/chairman/working/ros2/learning/chapt4/chapt4_ws/src/demo_cpp_service/src/patrol_client.cpp:11:5:[m[K [01;31m[Kerror: [m[Kâ€˜[01m[Kpatrol_client_[m[Kâ€™ was not declared in this scope; did you mean â€˜[01m[KPatrolClient[m[Kâ€™?
[1.795s]    11 |     [01;31m[Kpatrol_client_[m[K = this->create_client<Patrol>("patrol");
[1.795s]       |     [01;31m[K^~~~~~~~~~~~~~[m[K
[1.795s]       |     [32m[KPatrolClient[m[K
[1.827s] [01m[K/home/chairman/working/ros2/learning/chapt4/chapt4_ws/src/demo_cpp_service/src/patrol_client.cpp:12:5:[m[K [01;31m[Kerror: [m[Kâ€˜[01m[Ktimer_[m[Kâ€™ was not declared in this scope; did you mean â€˜[01m[Ktimer_t[m[Kâ€™?
[1.827s]    12 |     [01;31m[Ktimer_[m[K = this->create_wall_timer(10s, std::bind(&PatrolClient::timer_callback, this));
[1.827s]       |     [01;31m[K^~~~~~[m[K
[1.827s]       |     [32m[Ktimer_t[m[K
[1.835s] [01m[K/home/chairman/working/ros2/learning/chapt4/chapt4_ws/src/demo_cpp_service/src/patrol_client.cpp:[m[K In member function â€˜[01m[Kvoid PatrolClient::timer_callback()[m[Kâ€™:
[1.835s] [01m[K/home/chairman/working/ros2/learning/chapt4/chapt4_ws/src/demo_cpp_service/src/patrol_client.cpp:17:13:[m[K [01;31m[Kerror: [m[Kâ€˜[01m[Kpatrol_client_[m[Kâ€™ was not declared in this scope; did you mean â€˜[01m[KPatrolClient[m[Kâ€™?
[1.835s]    17 |     while (![01;31m[Kpatrol_client_[m[K->wait_for_service(std::chrono::seconds(1))){
[1.835s]       |             [01;31m[K^~~~~~~~~~~~~~[m[K
[1.835s]       |             [32m[KPatrolClient[m[K
[1.840s] [01m[K/home/chairman/working/ros2/learning/chapt4/chapt4_ws/src/demo_cpp_service/src/patrol_client.cpp:20:13:[m[K [01;31m[Kerror: [m[Kâ€˜[01m[KRCLCPP__ERROR[m[Kâ€™ was not declared in this scope; did you mean â€˜[01m[KRCLCPP_ERROR[m[Kâ€™?
[1.840s]    20 |             [01;31m[KRCLCPP__ERROR[m[K(this->get_logger(),'ç­‰å¾…æœåŠ¡çš„è¿‡ç¨‹ä¸­è¢«æ‰“æ–­ ...');
[1.840s]       |             [01;31m[K^~~~~~~~~~~~~[m[K
[1.840s]       |             [32m[KRCLCPP_ERROR[m[K
[1.841s] [01m[K/home/chairman/working/ros2/learning/chapt4/chapt4_ws/src/demo_cpp_service/src/patrol_client.cpp:[m[K In lambda function:
[1.841s] [01m[K/home/chairman/working/ros2/learning/chapt4/chapt4_ws/src/demo_cpp_service/src/patrol_client.cpp:37:10:[m[K [01;31m[Kerror: [m[Kexpected primary-expression before â€˜[01m[K)[m[Kâ€™ token
[1.841s]    37 |         }[01;31m[K)[m[K;
[1.841s]       |          [01;31m[K^[m[K
[1.842s] [01m[K/home/chairman/working/ros2/learning/chapt4/chapt4_ws/src/demo_cpp_service/src/patrol_client.cpp:[m[K In member function â€˜[01m[Kvoid PatrolClient::timer_callback()[m[Kâ€™:
[1.842s] [01m[K/home/chairman/working/ros2/learning/chapt4/chapt4_ws/src/demo_cpp_service/src/patrol_client.cpp:39:1:[m[K [01;31m[Kerror: [m[Kexpected â€˜[01m[K)[m[Kâ€™ before â€˜[01m[Kprivate[m[Kâ€™
[1.842s]    39 | [01;31m[Kprivate[m[K:
[1.842s]       | [01;31m[K^~~~~~~[m[K
[1.842s] [01m[K/home/chairman/working/ros2/learning/chapt4/chapt4_ws/src/demo_cpp_service/src/patrol_client.cpp:29:39:[m[K [01;36m[Knote: [m[Kto match this â€˜[01m[K([m[Kâ€™
[1.842s]    29 |     patrol_client_->async_send_request[01;36m[K([m[Krequest,
[1.842s]       |                                       [01;36m[K^[m[K
[1.842s] [01m[K/home/chairman/working/ros2/learning/chapt4/chapt4_ws/src/demo_cpp_service/src/patrol_client.cpp:43:33:[m[K [01;31m[Kerror: [m[Ka function-definition is not allowed here before â€˜[01m[K{[m[Kâ€™ token
[1.842s]    43 | int main(int argc, char **argv) [01;31m[K{[m[K
[1.842s]       |                                 [01;31m[K^[m[K
[1.842s] [01m[K/home/chairman/working/ros2/learning/chapt4/chapt4_ws/src/demo_cpp_service/src/patrol_client.cpp:49:2:[m[K [01;31m[Kerror: [m[Kexpected â€˜[01m[K}[m[Kâ€™ at end of input
[1.842s]    49 | }
[1.842s]       |  [01;31m[K^[m[K
[1.842s] [01m[K/home/chairman/working/ros2/learning/chapt4/chapt4_ws/src/demo_cpp_service/src/patrol_client.cpp:15:25:[m[K [01;36m[Knote: [m[Kto match this â€˜[01m[K{[m[Kâ€™
[1.842s]    15 |   void timer_callback() [01;36m[K{[m[K
[1.842s]       |                         [01;36m[K^[m[K
[1.842s] [01m[K/home/chairman/working/ros2/learning/chapt4/chapt4_ws/src/demo_cpp_service/src/patrol_client.cpp:[m[K At global scope:
[1.842s] [01m[K/home/chairman/working/ros2/learning/chapt4/chapt4_ws/src/demo_cpp_service/src/patrol_client.cpp:49:2:[m[K [01;31m[Kerror: [m[Kexpected unqualified-id at end of input
[1.842s]    49 | }
[1.842s]       |  [01;31m[K^[m[K
[2.173s] gmake[2]: *** [CMakeFiles/patrol_client.dir/build.make:76: CMakeFiles/patrol_client.dir/src/patrol_client.cpp.o] Error 1
[2.173s] gmake[1]: *** [CMakeFiles/Makefile2:165: CMakeFiles/patrol_client.dir/all] Error 2
[2.174s] gmake: *** [Makefile:146: all] Error 2
[2.176s] Invoked command in '/home/chairman/working/ros2/learning/chapt4/chapt4_ws/src/build/demo_cpp_service' returned '2': CMAKE_PREFIX_PATH=/home/chairman/working/ros2/learning/chapt4/chapt4_ws/src/install/chapt4_interfaces:/home/chairman/working/ros2/learning/chapt4/chapt4_ws/src/install/demo_cpp_service:/home/chairman/working/ros2/learning/chapt4/chapt4_ws/src/install/demo_python_service:/opt/ros/humble LD_LIBRARY_PATH=/home/chairman/working/ros2/learning/chapt4/chapt4_ws/src/install/chapt4_interfaces/lib:/usr/local/cuda-12.6/lib64:/usr/lib/x86_64-linux-gnu/gazebo-11/plugins:/opt/ros/humble/opt/rviz_ogre_vendor/lib:/opt/ros/humble/lib/x86_64-linux-gnu:/opt/ros/humble/lib:/usr/local/cuda-12.6/lib64 /usr/bin/cmake --build /home/chairman/working/ros2/learning/chapt4/chapt4_ws/src/build/demo_cpp_service -- -j28 -l28
