[0.015s] Invoking command in '/home/chairman/working/ros2/learning/chapt5/chapt5_ws/src/build/demo_cpp_tf': CMAKE_PREFIX_PATH=/opt/ros/humble /usr/bin/cmake --build /home/chairman/working/ros2/learning/chapt5/chapt5_ws/src/build/demo_cpp_tf -- -j28 -l28
[0.083s] -- Found ament_cmake: 1.3.11 (/opt/ros/humble/share/ament_cmake/cmake)
[0.193s] -- Found rclcpp: 16.0.12 (/opt/ros/humble/share/rclcpp/cmake)
[0.223s] -- Found rosidl_generator_c: 3.1.6 (/opt/ros/humble/share/rosidl_generator_c/cmake)
[0.225s] -- Found rosidl_adapter: 3.1.6 (/opt/ros/humble/share/rosidl_adapter/cmake)
[0.232s] -- Found rosidl_generator_cpp: 3.1.6 (/opt/ros/humble/share/rosidl_generator_cpp/cmake)
[0.240s] -- Using all available rosidl_typesupport_c: rosidl_typesupport_fastrtps_c;rosidl_typesupport_introspection_c
[0.249s] -- Using all available rosidl_typesupport_cpp: rosidl_typesupport_fastrtps_cpp;rosidl_typesupport_introspection_cpp
[0.276s] -- Found rmw_implementation_cmake: 6.1.2 (/opt/ros/humble/share/rmw_implementation_cmake/cmake)
[0.277s] -- Found rmw_fastrtps_cpp: 6.2.7 (/opt/ros/humble/share/rmw_fastrtps_cpp/cmake)
[0.358s] -- Using RMW implementation 'rmw_fastrtps_cpp' as default
[0.405s] -- Found tf2: 0.25.12 (/opt/ros/humble/share/tf2/cmake)
[0.425s] -- Found tf2_ros: 0.25.12 (/opt/ros/humble/share/tf2_ros/cmake)
[0.495s] -- Found tf2_geometry_msgs: 0.25.12 (/opt/ros/humble/share/tf2_geometry_msgs/cmake)
[0.498s] -- Found eigen3_cmake_module: 0.1.1 (/opt/ros/humble/share/eigen3_cmake_module/cmake)
[0.501s] -- Ensuring Eigen3 include directory is part of orocos-kdl CMake target
[0.501s] -- Found ament_lint_auto: 0.12.12 (/opt/ros/humble/share/ament_lint_auto/cmake)
[0.553s] -- Added test 'cppcheck' to perform static code analysis on C / C++ code
[0.553s] -- Configured cppcheck include dirs: 
[0.553s] -- Configured cppcheck exclude dirs and/or files: 
[0.553s] -- Added test 'lint_cmake' to check CMake code style
[0.554s] -- Added test 'uncrustify' to check C / C++ code style
[0.554s] -- Configured uncrustify additional arguments: 
[0.554s] -- Added test 'xmllint' to check XML markup files
[0.555s] -- Configuring done
[0.566s] -- Generating done
[0.569s] -- Build files have been written to: /home/chairman/working/ros2/learning/chapt5/chapt5_ws/src/build/demo_cpp_tf
[0.591s] [35m[1mConsolidate compiler generated dependencies of target static_tf_broadcaster[0m
[0.599s] [ 25%] [32mBuilding CXX object CMakeFiles/dynamic_tf_broadcaster.dir/src/dynamic_tf_broadcaster.cpp.o[0m
[0.614s] [01m[K/home/chairman/working/ros2/learning/chapt5/chapt5_ws/src/demo_cpp_tf/src/dynamic_tf_broadcaster.cpp:1:10:[m[K [01;31m[Kerror: [m[K#include expects "FILENAME" or <FILENAME>
[0.614s]     1 | #include [01;31m[Kï¼œmemoryï¼ž[m[K
[0.614s]       |          [01;31m[K^~~~~~~~~~[m[K
[0.615s] [ 75%] Built target static_tf_broadcaster
[0.854s] [01m[K/home/chairman/working/ros2/learning/chapt5/chapt5_ws/src/demo_cpp_tf/src/dynamic_tf_broadcaster.cpp:9:10:[m[K [01;31m[Kerror: [m[K#include expects "FILENAME" or <FILENAME>
[0.854s]     9 | #include [01;31m[Kï¼œchronoï¼ž[m[K
[0.854s]       |          [01;31m[K^~~~~~~~~~[m[K
[2.181s] [01m[K/home/chairman/working/ros2/learning/chapt5/chapt5_ws/src/demo_cpp_tf/src/dynamic_tf_broadcaster.cpp:16:1:[m[K [01;31m[Kerror: [m[Kâ€˜[01m[KDynamicTFBroadcasterï¼ˆï¼‰[m[Kâ€™ does not name a type; did you mean â€˜[01m[KDynamicTFBroadcaster[m[Kâ€™?
[2.181s]    16 | [01;31m[KDynamicTFBroadcasterï¼ˆï¼‰[m[K : Nodeï¼ˆ"dynamic_tf_broadcaster"ï¼‰
[2.181s]       | [01;31m[K^~~~~~~~~~~~~~~~~~~~~~~~[m[K
[2.181s]       | [32m[KDynamicTFBroadcaster[m[K
[2.181s] [01m[K/home/chairman/working/ros2/learning/chapt5/chapt5_ws/src/demo_cpp_tf/src/dynamic_tf_broadcaster.cpp:22:6:[m[K [01;31m[Kerror: [m[Kvariable or field â€˜[01m[KpublishTransformï¼ˆï¼‰[m[Kâ€™ declared void
[2.181s]    22 | void [01;31m[KpublishTransformï¼ˆï¼‰[m[K
[2.181s]       |      [01;31m[K^~~~~~~~~~~~~~~~~~~~[m[K
[2.181s] [01m[K/home/chairman/working/ros2/learning/chapt5/chapt5_ws/src/demo_cpp_tf/src/dynamic_tf_broadcaster.cpp:36:1:[m[K [01;31m[Kerror: [m[Kexpected â€˜[01m[K;[m[Kâ€™ at end of member declaration
[2.181s]    36 | [01;31m[K}[m[K
[2.181s]       | [01;31m[K^[m[K
[2.181s]       |  [32m[K;[m[K
[2.182s] [01m[K/home/chairman/working/ros2/learning/chapt5/chapt5_ws/src/demo_cpp_tf/src/dynamic_tf_broadcaster.cpp:38:6:[m[K [01;31m[Kerror: [m[Kâ€˜[01m[Kshared_ptrï¼œtf2_ros[m[Kâ€™ in namespace â€˜[01m[Kstd[m[Kâ€™ does not name a type
[2.182s]    38 | std::[01;31m[Kshared_ptrï¼œtf2_ros[m[K::TransformBroadcasterï¼ž tf_broadcaster_;
[2.182s]       |      [01;31m[K^~~~~~~~~~~~~~~~~~~[m[K
[2.182s] [01m[K/home/chairman/working/ros2/learning/chapt5/chapt5_ws/src/demo_cpp_tf/src/dynamic_tf_broadcaster.cpp:41:15:[m[K [01;31m[Kerror: [m[Kexpected initializer before â€˜[01m[Kargc[m[Kâ€™
[2.183s]    41 | int mainï¼ˆint [01;31m[Kargc[m[K, char ï¼Šï¼Šargvï¼‰
[2.183s]       |               [01;31m[K^~~~[m[K
[2.183s] [01m[K/home/chairman/working/ros2/learning/chapt5/chapt5_ws/src/demo_cpp_tf/src/dynamic_tf_broadcaster.cpp:59:7:[m[K [01;31m[Kerror: [m[Kredefinition of â€˜[01m[Kclass DynamicTFBroadcaster[m[Kâ€™
[2.183s]    59 | class [01;31m[KDynamicTFBroadcaster[m[K : public rclcpp::Node
[2.183s]       |       [01;31m[K^~~~~~~~~~~~~~~~~~~~[m[K
[2.183s] [01m[K/home/chairman/working/ros2/learning/chapt5/chapt5_ws/src/demo_cpp_tf/src/dynamic_tf_broadcaster.cpp:13:7:[m[K [01;36m[Knote: [m[Kprevious definition of â€˜[01m[Kclass DynamicTFBroadcaster[m[Kâ€™
[2.183s]    13 | class [01;36m[KDynamicTFBroadcaster[m[K : public rclcpp::Node
[2.183s]       |       [01;36m[K^~~~~~~~~~~~~~~~~~~~[m[K
[2.418s] In file included from [01m[K/usr/include/x86_64-linux-gnu/c++/11/bits/c++allocator.h:33[m[K,
[2.418s]                  from [01m[K/usr/include/c++/11/bits/allocator.h:46[m[K,
[2.418s]                  from [01m[K/usr/include/c++/11/unordered_map:40[m[K,
[2.418s]                  from [01m[K/usr/include/c++/11/functional:61[m[K,
[2.418s]                  from [01m[K/usr/include/c++/11/pstl/glue_algorithm_defs.h:13[m[K,
[2.418s]                  from [01m[K/usr/include/c++/11/algorithm:74[m[K,
[2.418s]                  from [01m[K/opt/ros/humble/include/geometry_msgs/geometry_msgs/msg/detail/transform_stamped__struct.hpp:8[m[K,
[2.418s]                  from [01m[K/opt/ros/humble/include/geometry_msgs/geometry_msgs/msg/transform_stamped.hpp:7[m[K,
[2.418s]                  from [01m[K/home/chairman/working/ros2/learning/chapt5/chapt5_ws/src/demo_cpp_tf/src/dynamic_tf_broadcaster.cpp:2[m[K:
[2.418s] /usr/include/c++/11/ext/new_allocator.h: In instantiation of â€˜[01m[Kvoid __gnu_cxx::new_allocator<_Tp>::construct(_Up*, _Args&& ...) [with _Up = DynamicTFBroadcaster; _Args = {}; _Tp = DynamicTFBroadcaster][m[Kâ€™:
[2.418s] [01m[K/usr/include/c++/11/bits/alloc_traits.h:516:17:[m[K   required from â€˜[01m[Kstatic void std::allocator_traits<std::allocator<_Tp1> >::construct(std::allocator_traits<std::allocator<_Tp1> >::allocator_type&, _Up*, _Args&& ...) [with _Up = DynamicTFBroadcaster; _Args = {}; _Tp = DynamicTFBroadcaster; std::allocator_traits<std::allocator<_Tp1> >::allocator_type = std::allocator<DynamicTFBroadcaster>][m[Kâ€™
[2.418s] [01m[K/usr/include/c++/11/bits/shared_ptr_base.h:519:39:[m[K   required from â€˜[01m[Kstd::_Sp_counted_ptr_inplace<_Tp, _Alloc, _Lp>::_Sp_counted_ptr_inplace(_Alloc, _Args&& ...) [with _Args = {}; _Tp = DynamicTFBroadcaster; _Alloc = std::allocator<DynamicTFBroadcaster>; __gnu_cxx::_Lock_policy _Lp = __gnu_cxx::_S_atomic][m[Kâ€™
[2.418s] [01m[K/usr/include/c++/11/bits/shared_ptr_base.h:650:16:[m[K   required from â€˜[01m[Kstd::__shared_count<_Lp>::__shared_count(_Tp*&, std::_Sp_alloc_shared_tag<_Alloc>, _Args&& ...) [with _Tp = DynamicTFBroadcaster; _Alloc = std::allocator<DynamicTFBroadcaster>; _Args = {}; __gnu_cxx::_Lock_policy _Lp = __gnu_cxx::_S_atomic][m[Kâ€™
[2.418s] [01m[K/usr/include/c++/11/bits/shared_ptr_base.h:1342:14:[m[K   required from â€˜[01m[Kstd::__shared_ptr<_Tp, _Lp>::__shared_ptr(std::_Sp_alloc_shared_tag<_Tp>, _Args&& ...) [with _Alloc = std::allocator<DynamicTFBroadcaster>; _Args = {}; _Tp = DynamicTFBroadcaster; __gnu_cxx::_Lock_policy _Lp = __gnu_cxx::_S_atomic][m[Kâ€™
[2.418s] [01m[K/usr/include/c++/11/bits/shared_ptr.h:409:59:[m[K   required from â€˜[01m[Kstd::shared_ptr<_Tp>::shared_ptr(std::_Sp_alloc_shared_tag<_Tp>, _Args&& ...) [with _Alloc = std::allocator<DynamicTFBroadcaster>; _Args = {}; _Tp = DynamicTFBroadcaster][m[Kâ€™
[2.419s] [01m[K/usr/include/c++/11/bits/shared_ptr.h:862:14:[m[K   required from â€˜[01m[Kstd::shared_ptr<_Tp> std::allocate_shared(const _Alloc&, _Args&& ...) [with _Tp = DynamicTFBroadcaster; _Alloc = std::allocator<DynamicTFBroadcaster>; _Args = {}][m[Kâ€™
[2.419s] [01m[K/usr/include/c++/11/bits/shared_ptr.h:878:39:[m[K   required from â€˜[01m[Kstd::shared_ptr<_Tp> std::make_shared(_Args&& ...) [with _Tp = DynamicTFBroadcaster; _Args = {}][m[Kâ€™
[2.419s] [01m[K/home/chairman/working/ros2/learning/chapt5/chapt5_ws/src/demo_cpp_tf/src/dynamic_tf_broadcaster.cpp:88:55:[m[K   required from here
[2.419s] [01m[K/usr/include/c++/11/ext/new_allocator.h:162:11:[m[K [01;31m[Kerror: [m[Kuse of deleted function â€˜[01m[KDynamicTFBroadcaster::DynamicTFBroadcaster()[m[Kâ€™
[2.419s]   162 |         { [01;31m[K::new((void *)__p) _Up(std::forward<_Args>(__args)...)[m[K; }
[2.419s]       |           [01;31m[K^~~~~~~~~~~~~~~~~~~~~~~~~~~~~~~~~~~~~~~~~~~~~~~~~~~~~~[m[K
[2.419s] [01m[K/home/chairman/working/ros2/learning/chapt5/chapt5_ws/src/demo_cpp_tf/src/dynamic_tf_broadcaster.cpp:13:7:[m[K [01;36m[Knote: [m[Kâ€˜[01m[KDynamicTFBroadcaster::DynamicTFBroadcaster()[m[Kâ€™ is implicitly deleted because the default definition would be ill-formed:
[2.419s]    13 | class [01;36m[KDynamicTFBroadcaster[m[K : public rclcpp::Node
[2.419s]       |       [01;36m[K^~~~~~~~~~~~~~~~~~~~[m[K
[2.419s] [01m[K/home/chairman/working/ros2/learning/chapt5/chapt5_ws/src/demo_cpp_tf/src/dynamic_tf_broadcaster.cpp:13:7:[m[K [01;31m[Kerror: [m[Kno matching function for call to â€˜[01m[Krclcpp::Node::Node()[m[Kâ€™
[2.419s] In file included from [01m[K/opt/ros/humble/include/rclcpp/rclcpp/executors/single_threaded_executor.hpp:28[m[K,
[2.419s]                  from [01m[K/opt/ros/humble/include/rclcpp/rclcpp/executors.hpp:22[m[K,
[2.419s]                  from [01m[K/opt/ros/humble/include/rclcpp/rclcpp/rclcpp.hpp:155[m[K,
[2.419s]                  from [01m[K/home/chairman/working/ros2/learning/chapt5/chapt5_ws/src/demo_cpp_tf/src/dynamic_tf_broadcaster.cpp:3[m[K:
[2.419s] [01m[K/opt/ros/humble/include/rclcpp/rclcpp/node.hpp:1294:3:[m[K [01;36m[Knote: [m[Kcandidate: â€˜[01m[Krclcpp::Node::Node(const rclcpp::Node&, const string&)[m[Kâ€™
[2.419s]  1294 |   [01;36m[KNode[m[K(
[2.419s]       |   [01;36m[K^~~~[m[K
[2.419s] [01m[K/opt/ros/humble/include/rclcpp/rclcpp/node.hpp:1294:3:[m[K [01;36m[Knote: [m[K  candidate expects 2 arguments, 0 provided
[2.419s] [01m[K/opt/ros/humble/include/rclcpp/rclcpp/node.hpp:101:12:[m[K [01;36m[Knote: [m[Kcandidate: â€˜[01m[Krclcpp::Node::Node(const string&, const string&, const rclcpp::NodeOptions&)[m[Kâ€™
[2.419s]   101 |   explicit [01;36m[KNode[m[K(
[2.419s]       |            [01;36m[K^~~~[m[K
[2.419s] [01m[K/opt/ros/humble/include/rclcpp/rclcpp/node.hpp:101:12:[m[K [01;36m[Knote: [m[K  candidate expects 3 arguments, 0 provided
[2.419s] [01m[K/opt/ros/humble/include/rclcpp/rclcpp/node.hpp:89:12:[m[K [01;36m[Knote: [m[Kcandidate: â€˜[01m[Krclcpp::Node::Node(const string&, const rclcpp::NodeOptions&)[m[Kâ€™
[2.419s]    89 |   explicit [01;36m[KNode[m[K(
[2.419s]       |            [01;36m[K^~~~[m[K
[2.419s] [01m[K/opt/ros/humble/include/rclcpp/rclcpp/node.hpp:89:12:[m[K [01;36m[Knote: [m[K  candidate expects 2 arguments, 0 provided
[2.465s] gmake[2]: *** [CMakeFiles/dynamic_tf_broadcaster.dir/build.make:76: CMakeFiles/dynamic_tf_broadcaster.dir/src/dynamic_tf_broadcaster.cpp.o] Error 1
[2.466s] gmake[1]: *** [CMakeFiles/Makefile2:165: CMakeFiles/dynamic_tf_broadcaster.dir/all] Error 2
[2.466s] gmake: *** [Makefile:146: all] Error 2
[2.468s] Invoked command in '/home/chairman/working/ros2/learning/chapt5/chapt5_ws/src/build/demo_cpp_tf' returned '2': CMAKE_PREFIX_PATH=/opt/ros/humble /usr/bin/cmake --build /home/chairman/working/ros2/learning/chapt5/chapt5_ws/src/build/demo_cpp_tf -- -j28 -l28
